{"numTotalTestSuites":14,"numPassedTestSuites":14,"numFailedTestSuites":0,"numPendingTestSuites":0,"numTotalTests":30,"numPassedTests":30,"numFailedTests":0,"numPendingTests":0,"numTodoTests":0,"startTime":1757221150031,"success":true,"testResults":[{"assertionResults":[{"ancestorTitles":["","typescript-utils","常量"],"fullName":" typescript-utils 常量 DEFAULT_AVATAR 应该是正确的默认头像URL","status":"passed","title":"DEFAULT_AVATAR 应该是正确的默认头像URL","duration":1,"failureMessages":[]},{"ancestorTitles":["","typescript-utils","常量"],"fullName":" typescript-utils 常量 USER_ROLES 应该包含所有角色","status":"passed","title":"USER_ROLES 应该包含所有角色","duration":1,"failureMessages":[]},{"ancestorTitles":["","typescript-utils","常量"],"fullName":" typescript-utils 常量 HTTP_STATUS 应该包含常用状态码","status":"passed","title":"HTTP_STATUS 应该包含常用状态码","duration":0,"failureMessages":[]},{"ancestorTitles":["","typescript-utils","generateId"],"fullName":" typescript-utils generateId 应该生成数字ID","status":"passed","title":"应该生成数字ID","duration":1,"failureMessages":[]},{"ancestorTitles":["","typescript-utils","generateId"],"fullName":" typescript-utils generateId 应该生成不同的ID","status":"passed","title":"应该生成不同的ID","duration":0,"failureMessages":[]},{"ancestorTitles":["","typescript-utils","validateEmail"],"fullName":" typescript-utils validateEmail 应该验证有效邮箱","status":"passed","title":"应该验证有效邮箱","duration":0,"failureMessages":[]},{"ancestorTitles":["","typescript-utils","validateEmail"],"fullName":" typescript-utils validateEmail 应该拒绝无效邮箱","status":"passed","title":"应该拒绝无效邮箱","duration":0,"failureMessages":[]},{"ancestorTitles":["","typescript-utils","formatUserName"],"fullName":" typescript-utils formatUserName 应该正确格式化用户名","status":"passed","title":"应该正确格式化用户名","duration":1,"failureMessages":[]},{"ancestorTitles":["","typescript-utils","createUser"],"fullName":" typescript-utils createUser 应该创建用户","status":"passed","title":"应该创建用户","duration":0,"failureMessages":[]},{"ancestorTitles":["","typescript-utils","createUser"],"fullName":" typescript-utils createUser 应该使用自定义头像","status":"passed","title":"应该使用自定义头像","duration":0,"failureMessages":[]},{"ancestorTitles":["","typescript-utils","createUser"],"fullName":" typescript-utils createUser 应该在邮箱无效时抛出错误","status":"passed","title":"应该在邮箱无效时抛出错误","duration":1,"failureMessages":[]},{"ancestorTitles":["","typescript-utils","deepClone"],"fullName":" typescript-utils deepClone 应该深拷贝基本类型","status":"passed","title":"应该深拷贝基本类型","duration":1,"failureMessages":[]},{"ancestorTitles":["","typescript-utils","deepClone"],"fullName":" typescript-utils deepClone 应该深拷贝日期对象","status":"passed","title":"应该深拷贝日期对象","duration":0,"failureMessages":[]},{"ancestorTitles":["","typescript-utils","deepClone"],"fullName":" typescript-utils deepClone 应该深拷贝数组","status":"passed","title":"应该深拷贝数组","duration":1,"failureMessages":[]},{"ancestorTitles":["","typescript-utils","deepClone"],"fullName":" typescript-utils deepClone 应该深拷贝对象","status":"passed","title":"应该深拷贝对象","duration":0,"failureMessages":[]},{"ancestorTitles":["","typescript-utils","debounce"],"fullName":" typescript-utils debounce 应该延迟执行函数","status":"passed","title":"应该延迟执行函数","duration":167,"failureMessages":[]},{"ancestorTitles":["","typescript-utils","debounce"],"fullName":" typescript-utils debounce 应该取消之前的调用","status":"passed","title":"应该取消之前的调用","duration":154,"failureMessages":[]},{"ancestorTitles":["","typescript-utils","throttle"],"fullName":" typescript-utils throttle 应该限制函数执行频率","status":"passed","title":"应该限制函数执行频率","duration":162,"failureMessages":[]},{"ancestorTitles":["","typescript-utils","UserManager"],"fullName":" typescript-utils UserManager 应该添加用户","status":"passed","title":"应该添加用户","duration":1,"failureMessages":[]},{"ancestorTitles":["","typescript-utils","UserManager"],"fullName":" typescript-utils UserManager 应该获取用户","status":"passed","title":"应该获取用户","duration":1,"failureMessages":[]},{"ancestorTitles":["","typescript-utils","UserManager"],"fullName":" typescript-utils UserManager 应该获取所有用户","status":"passed","title":"应该获取所有用户","duration":2,"failureMessages":[]},{"ancestorTitles":["","typescript-utils","UserManager"],"fullName":" typescript-utils UserManager 应该更新用户","status":"passed","title":"应该更新用户","duration":9,"failureMessages":[]},{"ancestorTitles":["","typescript-utils","UserManager"],"fullName":" typescript-utils UserManager 应该删除用户","status":"passed","title":"应该删除用户","duration":0,"failureMessages":[]},{"ancestorTitles":["","typescript-utils","UserManager"],"fullName":" typescript-utils UserManager 应该清空所有用户","status":"passed","title":"应该清空所有用户","duration":1,"failureMessages":[]},{"ancestorTitles":["","typescript-utils","EventEmitter"],"fullName":" typescript-utils EventEmitter 应该监听和触发事件","status":"passed","title":"应该监听和触发事件","duration":3,"failureMessages":[]},{"ancestorTitles":["","typescript-utils","EventEmitter"],"fullName":" typescript-utils EventEmitter 应该移除事件监听器","status":"passed","title":"应该移除事件监听器","duration":1,"failureMessages":[]},{"ancestorTitles":["","typescript-utils","EventEmitter"],"fullName":" typescript-utils EventEmitter 应该移除所有监听器","status":"passed","title":"应该移除所有监听器","duration":1,"failureMessages":[]},{"ancestorTitles":["","typescript-utils","defaultUserManager"],"fullName":" typescript-utils defaultUserManager 应该是 UserManager 的实例","status":"passed","title":"应该是 UserManager 的实例","duration":0,"failureMessages":[]},{"ancestorTitles":["","typescript-utils","类型定义"],"fullName":" typescript-utils 类型定义 User 接口应该正确工作","status":"passed","title":"User 接口应该正确工作","duration":1,"failureMessages":[]},{"ancestorTitles":["","typescript-utils","类型定义"],"fullName":" typescript-utils 类型定义 ApiResponse 接口应该正确工作","status":"passed","title":"ApiResponse 接口应该正确工作","duration":0,"failureMessages":[]}],"startTime":1757221150491,"endTime":1757221151002,"status":"passed","message":"","name":"D:/WorkBench/ldesign/packages/builder/examples/typescript-utils/src/index.test.ts"}]}