{"numTotalTestSuites":142,"numPassedTestSuites":142,"numFailedTestSuites":0,"numPendingTestSuites":0,"numTotalTests":267,"numPassedTests":267,"numFailedTests":0,"numPendingTests":0,"numTodoTests":0,"startTime":1759763110917,"success":true,"testResults":[{"assertionResults":[{"ancestorTitles":["","aliases 工具函数","AliasEntry 接口"],"fullName":" aliases 工具函数 AliasEntry 接口 应该支持字符串 find 属性","status":"passed","title":"应该支持字符串 find 属性","duration":1,"failureMessages":[]},{"ancestorTitles":["","aliases 工具函数","AliasEntry 接口"],"fullName":" aliases 工具函数 AliasEntry 接口 应该支持正则表达式 find 属性","status":"passed","title":"应该支持正则表达式 find 属性","duration":0,"failureMessages":[]},{"ancestorTitles":["","aliases 工具函数","AliasEntry 接口"],"fullName":" aliases 工具函数 AliasEntry 接口 应该支持阶段配置","status":"passed","title":"应该支持阶段配置","duration":0,"failureMessages":[]},{"ancestorTitles":["","aliases 工具函数","AliasEntry 接口"],"fullName":" aliases 工具函数 AliasEntry 接口 应该支持复杂的别名配置","status":"passed","title":"应该支持复杂的别名配置","duration":1,"failureMessages":[]},{"ancestorTitles":["","aliases 工具函数","createAlias 函数"],"fullName":" aliases 工具函数 createAlias 函数 应该创建基本别名","status":"passed","title":"应该创建基本别名","duration":0,"failureMessages":[]},{"ancestorTitles":["","aliases 工具函数","createAlias 函数"],"fullName":" aliases 工具函数 createAlias 函数 应该支持自定义阶段","status":"passed","title":"应该支持自定义阶段","duration":1,"failureMessages":[]},{"ancestorTitles":["","aliases 工具函数","createAlias 函数"],"fullName":" aliases 工具函数 createAlias 函数 应该支持正则表达式","status":"passed","title":"应该支持正则表达式","duration":0,"failureMessages":[]},{"ancestorTitles":["","aliases 工具函数","createBasicAliases 函数"],"fullName":" aliases 工具函数 createBasicAliases 函数 应该创建基本项目别名","status":"passed","title":"应该创建基本项目别名","duration":0,"failureMessages":[]},{"ancestorTitles":["","aliases 工具函数","createBasicAliases 函数"],"fullName":" aliases 工具函数 createBasicAliases 函数 应该支持自定义 src 目录","status":"passed","title":"应该支持自定义 src 目录","duration":0,"failureMessages":[]},{"ancestorTitles":["","aliases 工具函数","createBasicAliases 函数"],"fullName":" aliases 工具函数 createBasicAliases 函数 应该支持自定义阶段","status":"passed","title":"应该支持自定义阶段","duration":0,"failureMessages":[]},{"ancestorTitles":["","aliases 工具函数","createDevAlias 函数"],"fullName":" aliases 工具函数 createDevAlias 函数 应该创建开发时别名","status":"passed","title":"应该创建开发时别名","duration":0,"failureMessages":[]},{"ancestorTitles":["","aliases 工具函数","createBuildAlias 函数"],"fullName":" aliases 工具函数 createBuildAlias 函数 应该创建构建时别名","status":"passed","title":"应该创建构建时别名","duration":1,"failureMessages":[]},{"ancestorTitles":["","aliases 工具函数","createUniversalAlias 函数"],"fullName":" aliases 工具函数 createUniversalAlias 函数 应该创建全阶段别名","status":"passed","title":"应该创建全阶段别名","duration":0,"failureMessages":[]},{"ancestorTitles":["","aliases 工具函数","BuildStage 类型"],"fullName":" aliases 工具函数 BuildStage 类型 应该支持所有构建阶段","status":"passed","title":"应该支持所有构建阶段","duration":0,"failureMessages":[]},{"ancestorTitles":["","aliases 工具函数","类型兼容性"],"fullName":" aliases 工具函数 类型兼容性 应该与 Vite 的 alias 配置兼容","status":"passed","title":"应该与 Vite 的 alias 配置兼容","duration":0,"failureMessages":[]},{"ancestorTitles":["","aliases 工具函数","类型兼容性"],"fullName":" aliases 工具函数 类型兼容性 应该支持扩展的阶段配置","status":"passed","title":"应该支持扩展的阶段配置","duration":1,"failureMessages":[]}],"startTime":1759763118274,"endTime":1759763118280,"status":"passed","message":"","name":"D:/WorkBench/ldesign/packages/launcher/src/__tests__/utils/aliases.test.ts"},{"assertionResults":[{"ancestorTitles":["","AliasManager","构造函数"],"fullName":" AliasManager 构造函数 应该使用默认工作目录","status":"passed","title":"应该使用默认工作目录","duration":1,"failureMessages":[]},{"ancestorTitles":["","AliasManager","构造函数"],"fullName":" AliasManager 构造函数 应该使用指定的工作目录","status":"passed","title":"应该使用指定的工作目录","duration":0,"failureMessages":[]},{"ancestorTitles":["","AliasManager","generateBuiltinAliases"],"fullName":" AliasManager generateBuiltinAliases 应该生成基本的 @ -> src 和 ~ -> 项目根目录别名","status":"passed","title":"应该生成基本的 @ -> src 和 ~ -> 项目根目录别名","duration":1,"failureMessages":[]},{"ancestorTitles":["","AliasManager","generateBuiltinAliases"],"fullName":" AliasManager generateBuiltinAliases 应该支持自定义生效阶段","status":"passed","title":"应该支持自定义生效阶段","duration":0,"failureMessages":[]},{"ancestorTitles":["","AliasManager","generateBuiltinAliases"],"fullName":" AliasManager generateBuiltinAliases 应该使用绝对路径","status":"passed","title":"应该使用绝对路径","duration":1,"failureMessages":[]},{"ancestorTitles":["","AliasManager","generateBuiltinAliases"],"fullName":" AliasManager generateBuiltinAliases 应该支持所有阶段","status":"passed","title":"应该支持所有阶段","duration":0,"failureMessages":[]},{"ancestorTitles":["","AliasManager","getCwd 和 setCwd"],"fullName":" AliasManager getCwd 和 setCwd 应该获取当前工作目录","status":"passed","title":"应该获取当前工作目录","duration":0,"failureMessages":[]},{"ancestorTitles":["","AliasManager","getCwd 和 setCwd"],"fullName":" AliasManager getCwd 和 setCwd 应该设置新的工作目录","status":"passed","title":"应该设置新的工作目录","duration":0,"failureMessages":[]},{"ancestorTitles":["","AliasManager","getCwd 和 setCwd"],"fullName":" AliasManager getCwd 和 setCwd 设置新工作目录后应该影响别名生成","status":"passed","title":"设置新工作目录后应该影响别名生成","duration":0,"failureMessages":[]},{"ancestorTitles":["","AliasManager","filterAliasesByStage"],"fullName":" AliasManager filterAliasesByStage 应该根据阶段过滤别名","status":"passed","title":"应该根据阶段过滤别名","duration":1,"failureMessages":[]},{"ancestorTitles":["","AliasManager","filterAliasesByStage"],"fullName":" AliasManager filterAliasesByStage 应该返回标准的 Vite AliasEntry 格式","status":"passed","title":"应该返回标准的 Vite AliasEntry 格式","duration":0,"failureMessages":[]},{"ancestorTitles":["","AliasManager","filterAliasesByStage"],"fullName":" AliasManager filterAliasesByStage 应该处理空数组","status":"passed","title":"应该处理空数组","duration":0,"failureMessages":[]},{"ancestorTitles":["","AliasManager","filterAliasesByStage"],"fullName":" AliasManager filterAliasesByStage 应该处理没有匹配阶段的情况","status":"passed","title":"应该处理没有匹配阶段的情况","duration":0,"failureMessages":[]},{"ancestorTitles":["","AliasManager","createAliasManager 工厂函数"],"fullName":" AliasManager createAliasManager 工厂函数 应该创建 AliasManager 实例","status":"passed","title":"应该创建 AliasManager 实例","duration":0,"failureMessages":[]},{"ancestorTitles":["","AliasManager","createAliasManager 工厂函数"],"fullName":" AliasManager createAliasManager 工厂函数 应该使用指定的工作目录","status":"passed","title":"应该使用指定的工作目录","duration":0,"failureMessages":[]},{"ancestorTitles":["","AliasManager","createAliasManager 工厂函数"],"fullName":" AliasManager createAliasManager 工厂函数 应该使用默认工作目录","status":"passed","title":"应该使用默认工作目录","duration":0,"failureMessages":[]},{"ancestorTitles":["","AliasManager","边界情况"],"fullName":" AliasManager 边界情况 应该处理空字符串工作目录","status":"passed","title":"应该处理空字符串工作目录","duration":0,"failureMessages":[]},{"ancestorTitles":["","AliasManager","边界情况"],"fullName":" AliasManager 边界情况 应该处理相对路径工作目录","status":"passed","title":"应该处理相对路径工作目录","duration":1,"failureMessages":[]},{"ancestorTitles":["","AliasManager","边界情况"],"fullName":" AliasManager 边界情况 应该处理正则表达式别名","status":"passed","title":"应该处理正则表达式别名","duration":0,"failureMessages":[]}],"startTime":1759763112882,"endTime":1759763112888,"status":"passed","message":"","name":"D:/WorkBench/ldesign/packages/launcher/src/__tests__/core/AliasManager.test.ts"},{"assertionResults":[{"ancestorTitles":["","CacheManager","基本缓存操作"],"fullName":" CacheManager 基本缓存操作 应该能够设置和获取缓存","status":"passed","title":"应该能够设置和获取缓存","duration":128,"failureMessages":[]},{"ancestorTitles":["","CacheManager","基本缓存操作"],"fullName":" CacheManager 基本缓存操作 应该能够检查缓存是否存在","status":"passed","title":"应该能够检查缓存是否存在","duration":127,"failureMessages":[]},{"ancestorTitles":["","CacheManager","基本缓存操作"],"fullName":" CacheManager 基本缓存操作 应该能够删除缓存","status":"passed","title":"应该能够删除缓存","duration":118,"failureMessages":[]},{"ancestorTitles":["","CacheManager","基本缓存操作"],"fullName":" CacheManager 基本缓存操作 对于不存在的缓存应该返回 null","status":"passed","title":"对于不存在的缓存应该返回 null","duration":110,"failureMessages":[]},{"ancestorTitles":["","CacheManager","缓存过期"],"fullName":" CacheManager 缓存过期 应该在缓存过期后返回 null","status":"passed","title":"应该在缓存过期后返回 null","duration":233,"failureMessages":[]},{"ancestorTitles":["","CacheManager","缓存类型过滤"],"fullName":" CacheManager 缓存类型过滤 应该只缓存允许的类型","status":"passed","title":"应该只缓存允许的类型","duration":121,"failureMessages":[]},{"ancestorTitles":["","CacheManager","缓存清理"],"fullName":" CacheManager 缓存清理 应该能够清理特定类型的缓存","status":"passed","title":"应该能够清理特定类型的缓存","duration":158,"failureMessages":[]},{"ancestorTitles":["","CacheManager","缓存清理"],"fullName":" CacheManager 缓存清理 应该能够清理所有缓存","status":"passed","title":"应该能够清理所有缓存","duration":153,"failureMessages":[]},{"ancestorTitles":["","CacheManager","缓存统计"],"fullName":" CacheManager 缓存统计 应该提供正确的统计信息","status":"passed","title":"应该提供正确的统计信息","duration":151,"failureMessages":[]},{"ancestorTitles":["","CacheManager","缓存统计"],"fullName":" CacheManager 缓存统计 应该计算正确的命中率","status":"passed","title":"应该计算正确的命中率","duration":131,"failureMessages":[]},{"ancestorTitles":["","CacheManager","持久化存储"],"fullName":" CacheManager 持久化存储 应该能够将缓存持久化到磁盘","status":"passed","title":"应该能够将缓存持久化到磁盘","duration":449,"failureMessages":[]},{"ancestorTitles":["","CacheManager","缓存大小限制"],"fullName":" CacheManager 缓存大小限制 应该在超过大小限制时清理旧缓存","status":"passed","title":"应该在超过大小限制时清理旧缓存","duration":418,"failureMessages":[]},{"ancestorTitles":["","CacheManager","自动清理"],"fullName":" CacheManager 自动清理 应该能够执行手动清理","status":"passed","title":"应该能够执行手动清理","duration":189,"failureMessages":[]}],"startTime":1759763111596,"endTime":1759763114083,"status":"passed","message":"","name":"D:/WorkBench/ldesign/packages/launcher/src/__tests__/core/CacheManager.test.ts"},{"assertionResults":[{"ancestorTitles":["","PerformanceOptimizer","初始化"],"fullName":" PerformanceOptimizer 初始化 应该使用默认选项创建实例","status":"passed","title":"应该使用默认选项创建实例","duration":1,"failureMessages":[]},{"ancestorTitles":["","PerformanceOptimizer","初始化"],"fullName":" PerformanceOptimizer 初始化 应该接受自定义选项","status":"passed","title":"应该接受自定义选项","duration":1,"failureMessages":[]},{"ancestorTitles":["","PerformanceOptimizer","Vite 插件"],"fullName":" PerformanceOptimizer Vite 插件 应该创建有效的 Vite 插件","status":"passed","title":"应该创建有效的 Vite 插件","duration":0,"failureMessages":[]},{"ancestorTitles":["","PerformanceOptimizer","Vite 插件"],"fullName":" PerformanceOptimizer Vite 插件 应该在构建开始时收集初始指标","status":"passed","title":"应该在构建开始时收集初始指标","duration":1,"failureMessages":[]},{"ancestorTitles":["","PerformanceOptimizer","Vite 插件"],"fullName":" PerformanceOptimizer Vite 插件 应该记录构建时间","status":"passed","title":"应该记录构建时间","duration":0,"failureMessages":[]},{"ancestorTitles":["","PerformanceOptimizer","代码分割"],"fullName":" PerformanceOptimizer 代码分割 应该正确应用 vendor 分割策略","status":"passed","title":"应该正确应用 vendor 分割策略","duration":0,"failureMessages":[]},{"ancestorTitles":["","PerformanceOptimizer","代码分割"],"fullName":" PerformanceOptimizer 代码分割 应该正确应用 modules 分割策略","status":"passed","title":"应该正确应用 modules 分割策略","duration":0,"failureMessages":[]},{"ancestorTitles":["","PerformanceOptimizer","代码分割"],"fullName":" PerformanceOptimizer 代码分割 应该应用自定义分割规则","status":"passed","title":"应该应用自定义分割规则","duration":0,"failureMessages":[]},{"ancestorTitles":["","PerformanceOptimizer","压缩优化"],"fullName":" PerformanceOptimizer 压缩优化 应该配置压缩选项","status":"passed","title":"应该配置压缩选项","duration":0,"failureMessages":[]},{"ancestorTitles":["","PerformanceOptimizer","性能指标"],"fullName":" PerformanceOptimizer 性能指标 应该生成优化建议","status":"passed","title":"应该生成优化建议","duration":0,"failureMessages":[]},{"ancestorTitles":["","PerformanceOptimizer","性能指标"],"fullName":" PerformanceOptimizer 性能指标 应该重置指标","status":"passed","title":"应该重置指标","duration":1,"failureMessages":[]},{"ancestorTitles":["","PerformanceOptimizer","事件系统"],"fullName":" PerformanceOptimizer 事件系统 应该触发 report 事件","status":"passed","title":"应该触发 report 事件","duration":1,"failureMessages":[]}],"startTime":1759763112840,"endTime":1759763112846,"status":"passed","message":"","name":"D:/WorkBench/ldesign/packages/launcher/src/__tests__/core/PerformanceOptimizer.test.ts"},{"assertionResults":[{"ancestorTitles":["","PluginMarketManager","搜索功能"],"fullName":" PluginMarketManager 搜索功能 应该能够搜索插件","status":"passed","title":"应该能够搜索插件","duration":2,"failureMessages":[]},{"ancestorTitles":["","PluginMarketManager","搜索功能"],"fullName":" PluginMarketManager 搜索功能 应该支持按类别过滤","status":"passed","title":"应该支持按类别过滤","duration":0,"failureMessages":[]},{"ancestorTitles":["","PluginMarketManager","搜索功能"],"fullName":" PluginMarketManager 搜索功能 应该支持按类型过滤","status":"passed","title":"应该支持按类型过滤","duration":0,"failureMessages":[]},{"ancestorTitles":["","PluginMarketManager","搜索功能"],"fullName":" PluginMarketManager 搜索功能 应该支持仅显示官方插件","status":"passed","title":"应该支持仅显示官方插件","duration":1,"failureMessages":[]},{"ancestorTitles":["","PluginMarketManager","搜索功能"],"fullName":" PluginMarketManager 搜索功能 应该支持限制结果数量","status":"passed","title":"应该支持限制结果数量","duration":0,"failureMessages":[]},{"ancestorTitles":["","PluginMarketManager","搜索功能"],"fullName":" PluginMarketManager 搜索功能 应该支持排序","status":"passed","title":"应该支持排序","duration":0,"failureMessages":[]},{"ancestorTitles":["","PluginMarketManager","插件信息获取"],"fullName":" PluginMarketManager 插件信息获取 应该能够获取插件详细信息","status":"passed","title":"应该能够获取插件详细信息","duration":1,"failureMessages":[]},{"ancestorTitles":["","PluginMarketManager","插件信息获取"],"fullName":" PluginMarketManager 插件信息获取 对于不存在的插件应该返回 null","status":"passed","title":"对于不存在的插件应该返回 null","duration":0,"failureMessages":[]},{"ancestorTitles":["","PluginMarketManager","插件安装"],"fullName":" PluginMarketManager 插件安装 应该能够安装插件","status":"passed","title":"应该能够安装插件","duration":2011,"failureMessages":[]},{"ancestorTitles":["","PluginMarketManager","插件安装"],"fullName":" PluginMarketManager 插件安装 应该在安装不存在的插件时抛出错误","status":"passed","title":"应该在安装不存在的插件时抛出错误","duration":2,"failureMessages":[]},{"ancestorTitles":["","PluginMarketManager","插件管理"],"fullName":" PluginMarketManager 插件管理 应该能够获取已安装插件列表","status":"passed","title":"应该能够获取已安装插件列表","duration":1,"failureMessages":[]},{"ancestorTitles":["","PluginMarketManager","插件管理"],"fullName":" PluginMarketManager 插件管理 应该能够检查插件更新","status":"passed","title":"应该能够检查插件更新","duration":1,"failureMessages":[]},{"ancestorTitles":["","PluginMarketManager","事件系统"],"fullName":" PluginMarketManager 事件系统 应该在获取插件列表时触发事件","status":"passed","title":"应该在获取插件列表时触发事件","duration":1,"failureMessages":[]},{"ancestorTitles":["","PluginMarketManager","事件系统"],"fullName":" PluginMarketManager 事件系统 应该在安装插件时触发事件","status":"passed","title":"应该在安装插件时触发事件","duration":2019,"failureMessages":[]},{"ancestorTitles":["","PluginMarketManager","依赖检查"],"fullName":" PluginMarketManager 依赖检查 应该能够识别 Launcher 插件","status":"passed","title":"应该能够识别 Launcher 插件","duration":0,"failureMessages":[]}],"startTime":1759763114038,"endTime":1759763118077,"status":"passed","message":"","name":"D:/WorkBench/ldesign/packages/launcher/src/__tests__/core/PluginMarket.test.ts"},{"assertionResults":[{"ancestorTitles":["","别名阶段配置集成测试","applyAliasConfig 方法"],"fullName":" 别名阶段配置集成测试 applyAliasConfig 方法 应该在 dev 阶段正确过滤别名","status":"passed","title":"应该在 dev 阶段正确过滤别名","duration":2,"failureMessages":[]},{"ancestorTitles":["","别名阶段配置集成测试","applyAliasConfig 方法"],"fullName":" 别名阶段配置集成测试 applyAliasConfig 方法 应该在 build 阶段正确过滤别名","status":"passed","title":"应该在 build 阶段正确过滤别名","duration":1,"failureMessages":[]},{"ancestorTitles":["","别名阶段配置集成测试","applyAliasConfig 方法"],"fullName":" 别名阶段配置集成测试 applyAliasConfig 方法 应该在 preview 阶段正确过滤别名","status":"passed","title":"应该在 preview 阶段正确过滤别名","duration":0,"failureMessages":[]},{"ancestorTitles":["","别名阶段配置集成测试","applyAliasConfig 方法"],"fullName":" 别名阶段配置集成测试 applyAliasConfig 方法 应该处理没有 stages 字段的别名（默认为 dev）","status":"passed","title":"应该处理没有 stages 字段的别名（默认为 dev）","duration":1,"failureMessages":[]},{"ancestorTitles":["","别名阶段配置集成测试","applyAliasConfig 方法"],"fullName":" 别名阶段配置集成测试 applyAliasConfig 方法 应该处理对象格式的别名配置","status":"passed","title":"应该处理对象格式的别名配置","duration":0,"failureMessages":[]},{"ancestorTitles":["","别名阶段配置集成测试","内置别名"],"fullName":" 别名阶段配置集成测试 内置别名 应该自动添加内置别名","status":"passed","title":"应该自动添加内置别名","duration":0,"failureMessages":[]},{"ancestorTitles":["","别名阶段配置集成测试","内置别名"],"fullName":" 别名阶段配置集成测试 内置别名 应该在所有阶段都包含内置别名","status":"passed","title":"应该在所有阶段都包含内置别名","duration":1,"failureMessages":[]}],"startTime":1759763113138,"endTime":1759763113143,"status":"passed","message":"","name":"D:/WorkBench/ldesign/packages/launcher/src/__tests__/integration/alias-stages.test.ts"},{"assertionResults":[{"ancestorTitles":["","DevCommand","命令定义"],"fullName":" DevCommand 命令定义 应该有正确的命令名称和别名","status":"passed","title":"应该有正确的命令名称和别名","duration":2,"failureMessages":[]},{"ancestorTitles":["","DevCommand","命令定义"],"fullName":" DevCommand 命令定义 应该有正确的描述和用法","status":"passed","title":"应该有正确的描述和用法","duration":0,"failureMessages":[]},{"ancestorTitles":["","DevCommand","命令定义"],"fullName":" DevCommand 命令定义 应该定义正确的选项","status":"passed","title":"应该定义正确的选项","duration":0,"failureMessages":[]},{"ancestorTitles":["","DevCommand","命令定义"],"fullName":" DevCommand 命令定义 应该有使用示例","status":"passed","title":"应该有使用示例","duration":0,"failureMessages":[]},{"ancestorTitles":["","DevCommand","参数验证"],"fullName":" DevCommand 参数验证 应该验证有效的端口号","status":"passed","title":"应该验证有效的端口号","duration":0,"failureMessages":[]},{"ancestorTitles":["","DevCommand","参数验证"],"fullName":" DevCommand 参数验证 应该拒绝无效的端口号","status":"passed","title":"应该拒绝无效的端口号","duration":0,"failureMessages":[]},{"ancestorTitles":["","DevCommand","参数验证"],"fullName":" DevCommand 参数验证 应该验证主机地址类型","status":"passed","title":"应该验证主机地址类型","duration":0,"failureMessages":[]},{"ancestorTitles":["","DevCommand","参数验证"],"fullName":" DevCommand 参数验证 应该接受有效的主机地址","status":"passed","title":"应该接受有效的主机地址","duration":0,"failureMessages":[]},{"ancestorTitles":["","DevCommand","命令执行"],"fullName":" DevCommand 命令执行 应该成功启动开发服务器","status":"skipped","title":"应该成功启动开发服务器","failureMessages":[]},{"ancestorTitles":["","DevCommand","命令执行"],"fullName":" DevCommand 命令执行 应该正确处理配置选项","status":"skipped","title":"应该正确处理配置选项","failureMessages":[]},{"ancestorTitles":["","DevCommand","命令执行"],"fullName":" DevCommand 命令执行 应该注册进程退出处理器","status":"skipped","title":"应该注册进程退出处理器","failureMessages":[]},{"ancestorTitles":["","DevCommand","命令执行"],"fullName":" DevCommand 命令执行 应该正确设置事件监听器","status":"skipped","title":"应该正确设置事件监听器","failureMessages":[]},{"ancestorTitles":["","DevCommand","错误处理"],"fullName":" DevCommand 错误处理 应该处理启动失败的情况","status":"skipped","title":"应该处理启动失败的情况","failureMessages":[]},{"ancestorTitles":["","DevCommand","错误处理"],"fullName":" DevCommand 错误处理 应该提供端口占用的解决建议","status":"skipped","title":"应该提供端口占用的解决建议","failureMessages":[]},{"ancestorTitles":["","DevCommand","错误处理"],"fullName":" DevCommand 错误处理 应该提供配置文件问题的解决建议","status":"skipped","title":"应该提供配置文件问题的解决建议","failureMessages":[]},{"ancestorTitles":["","DevCommand","调试模式"],"fullName":" DevCommand 调试模式 应该在调试模式下显示详细错误信息","status":"skipped","title":"应该在调试模式下显示详细错误信息","failureMessages":[]}],"startTime":1759763111525,"endTime":1759763111528,"status":"passed","message":"","name":"D:/WorkBench/ldesign/packages/launcher/tests/cli/dev.test.ts"},{"assertionResults":[{"ancestorTitles":["","ViteLauncher 集成测试","完整的开发流程"],"fullName":" ViteLauncher 集成测试 完整的开发流程 应该成功启动开发服务器","status":"skipped","title":"应该成功启动开发服务器","failureMessages":[]},{"ancestorTitles":["","ViteLauncher 集成测试","完整的开发流程"],"fullName":" ViteLauncher 集成测试 完整的开发流程 应该成功执行构建","status":"passed","title":"应该成功执行构建","duration":74,"failureMessages":[]},{"ancestorTitles":["","ViteLauncher 集成测试","完整的开发流程"],"fullName":" ViteLauncher 集成测试 完整的开发流程 应该成功启动预览服务器","status":"passed","title":"应该成功启动预览服务器","duration":7,"failureMessages":[]},{"ancestorTitles":["","ViteLauncher 集成测试","配置管理集成"],"fullName":" ViteLauncher 集成测试 配置管理集成 应该正确加载和应用配置","status":"passed","title":"应该正确加载和应用配置","duration":1467,"failureMessages":[]},{"ancestorTitles":["","ViteLauncher 集成测试","配置管理集成"],"fullName":" ViteLauncher 集成测试 配置管理集成 应该正确验证配置","status":"passed","title":"应该正确验证配置","duration":1,"failureMessages":[]},{"ancestorTitles":["","ViteLauncher 集成测试","配置管理集成"],"fullName":" ViteLauncher 集成测试 配置管理集成 应该正确合并配置","status":"passed","title":"应该正确合并配置","duration":0,"failureMessages":[]},{"ancestorTitles":["","ViteLauncher 集成测试","插件系统集成"],"fullName":" ViteLauncher 集成测试 插件系统集成 应该正确管理插件","status":"passed","title":"应该正确管理插件","duration":1,"failureMessages":[]},{"ancestorTitles":["","ViteLauncher 集成测试","插件系统集成"],"fullName":" ViteLauncher 集成测试 插件系统集成 应该在构建时应用插件","status":"passed","title":"应该在构建时应用插件","duration":2,"failureMessages":[]},{"ancestorTitles":["","ViteLauncher 集成测试","事件系统集成"],"fullName":" ViteLauncher 集成测试 事件系统集成 应该正确触发和处理事件","status":"skipped","title":"应该正确触发和处理事件","failureMessages":[]},{"ancestorTitles":["","ViteLauncher 集成测试","错误处理集成"],"fullName":" ViteLauncher 集成测试 错误处理集成 应该正确处理启动错误","status":"skipped","title":"应该正确处理启动错误","failureMessages":[]},{"ancestorTitles":["","ViteLauncher 集成测试","错误处理集成"],"fullName":" ViteLauncher 集成测试 错误处理集成 应该正确处理构建错误","status":"skipped","title":"应该正确处理构建错误","failureMessages":[]},{"ancestorTitles":["","ViteLauncher 集成测试","性能监控集成"],"fullName":" ViteLauncher 集成测试 性能监控集成 应该正确记录性能指标","status":"skipped","title":"应该正确记录性能指标","failureMessages":[]},{"ancestorTitles":["","ViteLauncher 集成测试","资源清理"],"fullName":" ViteLauncher 集成测试 资源清理 应该正确清理所有资源","status":"passed","title":"应该正确清理所有资源","duration":2,"failureMessages":[]}],"startTime":1759763112270,"endTime":1759763113824,"status":"passed","message":"","name":"D:/WorkBench/ldesign/packages/launcher/tests/integration/launcher.test.ts"},{"assertionResults":[{"ancestorTitles":["","ConfigManager","构造函数"],"fullName":" ConfigManager 构造函数 应该正确初始化 ConfigManager 实例","status":"passed","title":"应该正确初始化 ConfigManager 实例","duration":2,"failureMessages":[]},{"ancestorTitles":["","ConfigManager","构造函数"],"fullName":" ConfigManager 构造函数 应该接受配置选项","status":"passed","title":"应该接受配置选项","duration":0,"failureMessages":[]},{"ancestorTitles":["","ConfigManager","配置加载"],"fullName":" ConfigManager 配置加载 应该正确加载配置文件","status":"passed","title":"应该正确加载配置文件","duration":22,"failureMessages":[]},{"ancestorTitles":["","ConfigManager","配置加载"],"fullName":" ConfigManager 配置加载 应该处理配置文件不存在的情况","status":"passed","title":"应该处理配置文件不存在的情况","duration":4,"failureMessages":[]},{"ancestorTitles":["","ConfigManager","配置加载"],"fullName":" ConfigManager 配置加载 应该在没有配置文件时使用默认配置","status":"passed","title":"应该在没有配置文件时使用默认配置","duration":1,"failureMessages":[]},{"ancestorTitles":["","ConfigManager","配置保存"],"fullName":" ConfigManager 配置保存 应该正确保存配置文件","status":"passed","title":"应该正确保存配置文件","duration":4,"failureMessages":[]},{"ancestorTitles":["","ConfigManager","配置保存"],"fullName":" ConfigManager 配置保存 应该在没有指定文件路径时抛出错误","status":"passed","title":"应该在没有指定文件路径时抛出错误","duration":0,"failureMessages":[]},{"ancestorTitles":["","ConfigManager","配置验证"],"fullName":" ConfigManager 配置验证 应该验证有效配置","status":"passed","title":"应该验证有效配置","duration":1,"failureMessages":[]},{"ancestorTitles":["","ConfigManager","配置验证"],"fullName":" ConfigManager 配置验证 应该检测无效配置","status":"passed","title":"应该检测无效配置","duration":0,"failureMessages":[]},{"ancestorTitles":["","ConfigManager","配置验证"],"fullName":" ConfigManager 配置验证 应该生成警告信息","status":"passed","title":"应该生成警告信息","duration":1,"failureMessages":[]},{"ancestorTitles":["","ConfigManager","配置合并"],"fullName":" ConfigManager 配置合并 应该正确合并配置对象","status":"passed","title":"应该正确合并配置对象","duration":0,"failureMessages":[]},{"ancestorTitles":["","ConfigManager","配置合并"],"fullName":" ConfigManager 配置合并 应该支持自定义合并策略","status":"passed","title":"应该支持自定义合并策略","duration":0,"failureMessages":[]},{"ancestorTitles":["","ConfigManager","配置更新"],"fullName":" ConfigManager 配置更新 应该正确更新配置","status":"passed","title":"应该正确更新配置","duration":0,"failureMessages":[]},{"ancestorTitles":["","ConfigManager","配置更新"],"fullName":" ConfigManager 配置更新 应该触发配置变更事件","status":"passed","title":"应该触发配置变更事件","duration":2,"failureMessages":[]},{"ancestorTitles":["","ConfigManager","配置重置"],"fullName":" ConfigManager 配置重置 应该正确重置配置为默认值","status":"passed","title":"应该正确重置配置为默认值","duration":0,"failureMessages":[]},{"ancestorTitles":["","ConfigManager","配置重置"],"fullName":" ConfigManager 配置重置 应该触发重置事件","status":"passed","title":"应该触发重置事件","duration":0,"failureMessages":[]},{"ancestorTitles":["","ConfigManager","验证规则"],"fullName":" ConfigManager 验证规则 应该正确添加验证规则","status":"passed","title":"应该正确添加验证规则","duration":1,"failureMessages":[]},{"ancestorTitles":["","ConfigManager","验证规则"],"fullName":" ConfigManager 验证规则 应该正确移除验证规则","status":"passed","title":"应该正确移除验证规则","duration":0,"failureMessages":[]},{"ancestorTitles":["","ConfigManager","销毁"],"fullName":" ConfigManager 销毁 应该正确清理资源","status":"passed","title":"应该正确清理资源","duration":0,"failureMessages":[]}],"startTime":1759763111947,"endTime":1759763111985,"status":"passed","message":"","name":"D:/WorkBench/ldesign/packages/launcher/tests/core/ConfigManager.test.ts"},{"assertionResults":[{"ancestorTitles":["","ConfigPresets","ConfigPresetsManager"],"fullName":" ConfigPresets ConfigPresetsManager 应该注册内置预设","status":"passed","title":"应该注册内置预设","duration":2,"failureMessages":[]},{"ancestorTitles":["","ConfigPresets","ConfigPresetsManager"],"fullName":" ConfigPresets ConfigPresetsManager 应该能获取预设配置","status":"passed","title":"应该能获取预设配置","duration":0,"failureMessages":[]},{"ancestorTitles":["","ConfigPresets","ConfigPresetsManager"],"fullName":" ConfigPresets ConfigPresetsManager 应该能获取预设依赖","status":"passed","title":"应该能获取预设依赖","duration":1,"failureMessages":[]},{"ancestorTitles":["","ConfigPresets","ConfigPresetsManager"],"fullName":" ConfigPresets ConfigPresetsManager 应该能获取预设脚本","status":"passed","title":"应该能获取预设脚本","duration":0,"failureMessages":[]},{"ancestorTitles":["","ConfigPresets","ConfigPresetsManager"],"fullName":" ConfigPresets ConfigPresetsManager 应该能注册自定义预设","status":"passed","title":"应该能注册自定义预设","duration":0,"failureMessages":[]},{"ancestorTitles":["","ConfigPresets","ConfigPresetsManager"],"fullName":" ConfigPresets ConfigPresetsManager 应该能应用预设配置","status":"passed","title":"应该能应用预设配置","duration":0,"failureMessages":[]},{"ancestorTitles":["","ConfigPresets","ConfigPresetsManager"],"fullName":" ConfigPresets ConfigPresetsManager 应该抛出未知预设错误","status":"passed","title":"应该抛出未知预设错误","duration":1,"failureMessages":[]},{"ancestorTitles":["","ConfigPresets","Vue3Preset"],"fullName":" ConfigPresets Vue3Preset 应该有正确的基本信息","status":"passed","title":"应该有正确的基本信息","duration":0,"failureMessages":[]},{"ancestorTitles":["","ConfigPresets","Vue3Preset"],"fullName":" ConfigPresets Vue3Preset 应该生成正确的配置","status":"passed","title":"应该生成正确的配置","duration":0,"failureMessages":[]},{"ancestorTitles":["","ConfigPresets","Vue3Preset"],"fullName":" ConfigPresets Vue3Preset 应该提供正确的依赖","status":"passed","title":"应该提供正确的依赖","duration":1,"failureMessages":[]},{"ancestorTitles":["","ConfigPresets","Vue3Preset"],"fullName":" ConfigPresets Vue3Preset 应该提供基本脚本","status":"passed","title":"应该提供基本脚本","duration":0,"failureMessages":[]},{"ancestorTitles":["","ConfigPresets","ReactPreset"],"fullName":" ConfigPresets ReactPreset 应该有正确的基本信息","status":"passed","title":"应该有正确的基本信息","duration":0,"failureMessages":[]},{"ancestorTitles":["","ConfigPresets","ReactPreset"],"fullName":" ConfigPresets ReactPreset 应该生成正确的配置","status":"passed","title":"应该生成正确的配置","duration":0,"failureMessages":[]},{"ancestorTitles":["","ConfigPresets","ReactPreset"],"fullName":" ConfigPresets ReactPreset 应该提供正确的依赖","status":"passed","title":"应该提供正确的依赖","duration":0,"failureMessages":[]},{"ancestorTitles":["","ConfigPresets","项目类型自动检测"],"fullName":" ConfigPresets 项目类型自动检测 应该能检测 Vue 3 项目","status":"passed","title":"应该能检测 Vue 3 项目","duration":2,"failureMessages":[]},{"ancestorTitles":["","ConfigPresets","项目类型自动检测"],"fullName":" ConfigPresets 项目类型自动检测 应该能检测 Vue 3 + TypeScript 项目","status":"passed","title":"应该能检测 Vue 3 + TypeScript 项目","duration":0,"failureMessages":[]},{"ancestorTitles":["","ConfigPresets","项目类型自动检测"],"fullName":" ConfigPresets 项目类型自动检测 应该能检测 React 项目","status":"passed","title":"应该能检测 React 项目","duration":0,"failureMessages":[]},{"ancestorTitles":["","ConfigPresets","项目类型自动检测"],"fullName":" ConfigPresets 项目类型自动检测 应该能检测 React + TypeScript 项目","status":"passed","title":"应该能检测 React + TypeScript 项目","duration":1,"failureMessages":[]},{"ancestorTitles":["","ConfigPresets","项目类型自动检测"],"fullName":" ConfigPresets 项目类型自动检测 应该在检测失败时返回 null","status":"passed","title":"应该在检测失败时返回 null","duration":0,"failureMessages":[]},{"ancestorTitles":["","ConfigPresets","配置深度合并"],"fullName":" ConfigPresets 配置深度合并 应该正确合并嵌套对象","status":"passed","title":"应该正确合并嵌套对象","duration":0,"failureMessages":[]},{"ancestorTitles":["","ConfigPresets","配置深度合并"],"fullName":" ConfigPresets 配置深度合并 应该正确合并数组","status":"passed","title":"应该正确合并数组","duration":0,"failureMessages":[]},{"ancestorTitles":["","全局配置预设实例"],"fullName":" 全局配置预设实例 应该导出全局实例","status":"passed","title":"应该导出全局实例","duration":1,"failureMessages":[]},{"ancestorTitles":["","全局配置预设实例"],"fullName":" 全局配置预设实例 应该能获取预设列表","status":"passed","title":"应该能获取预设列表","duration":0,"failureMessages":[]}],"startTime":1759763111723,"endTime":1759763111732,"status":"passed","message":"","name":"D:/WorkBench/ldesign/packages/launcher/tests/core/ConfigPresets.test.ts"},{"assertionResults":[{"ancestorTitles":["","Environment Config System","getEnvironmentConfigFiles"],"fullName":" Environment Config System getEnvironmentConfigFiles 应该返回默认配置文件列表当没有指定环境时","status":"skipped","title":"应该返回默认配置文件列表当没有指定环境时","failureMessages":[]},{"ancestorTitles":["","Environment Config System","getEnvironmentConfigFiles"],"fullName":" Environment Config System getEnvironmentConfigFiles 应该返回环境特定配置文件列表","status":"skipped","title":"应该返回环境特定配置文件列表","failureMessages":[]},{"ancestorTitles":["","Environment Config System","getEnvironmentConfigFiles"],"fullName":" Environment Config System getEnvironmentConfigFiles 应该处理无效的环境名称","status":"skipped","title":"应该处理无效的环境名称","failureMessages":[]},{"ancestorTitles":["","Environment Config System","getEnvironmentConfigFiles"],"fullName":" Environment Config System getEnvironmentConfigFiles 应该支持所有预定义的环境","status":"passed","title":"应该支持所有预定义的环境","duration":2,"failureMessages":[]},{"ancestorTitles":["","Environment Config System","ConfigManager.loadEnvironmentConfig"],"fullName":" Environment Config System ConfigManager.loadEnvironmentConfig 应该加载基础配置文件","status":"skipped","title":"应该加载基础配置文件","failureMessages":[]},{"ancestorTitles":["","Environment Config System","ConfigManager.loadEnvironmentConfig"],"fullName":" Environment Config System ConfigManager.loadEnvironmentConfig 应该加载并合并环境特定配置","status":"skipped","title":"应该加载并合并环境特定配置","failureMessages":[]},{"ancestorTitles":["","Environment Config System","ConfigManager.loadEnvironmentConfig"],"fullName":" Environment Config System ConfigManager.loadEnvironmentConfig 应该处理环境配置文件不存在的情况","status":"skipped","title":"应该处理环境配置文件不存在的情况","failureMessages":[]},{"ancestorTitles":["","Environment Config System","ConfigManager.loadEnvironmentConfig"],"fullName":" Environment Config System ConfigManager.loadEnvironmentConfig 应该处理没有任何配置文件的情况","status":"passed","title":"应该处理没有任何配置文件的情况","duration":3,"failureMessages":[]},{"ancestorTitles":["","Environment Config System","ConfigManager.load with environment"],"fullName":" Environment Config System ConfigManager.load with environment 应该使用环境配置加载","status":"passed","title":"应该使用环境配置加载","duration":0,"failureMessages":[]},{"ancestorTitles":["","Environment Config System","ConfigManager.load with environment"],"fullName":" Environment Config System ConfigManager.load with environment 应该处理指定配置文件的情况","status":"skipped","title":"应该处理指定配置文件的情况","failureMessages":[]},{"ancestorTitles":["","Environment Config System","深度合并测试"],"fullName":" Environment Config System 深度合并测试 应该正确深度合并嵌套配置","status":"skipped","title":"应该正确深度合并嵌套配置","failureMessages":[]},{"ancestorTitles":["","Environment Config System","错误处理"],"fullName":" Environment Config System 错误处理 应该处理配置文件加载错误","status":"skipped","title":"应该处理配置文件加载错误","failureMessages":[]},{"ancestorTitles":["","Environment Config System","错误处理"],"fullName":" Environment Config System 错误处理 应该处理文件系统错误","status":"skipped","title":"应该处理文件系统错误","failureMessages":[]}],"startTime":1759763112617,"endTime":1759763112622,"status":"passed","message":"","name":"D:/WorkBench/ldesign/packages/launcher/tests/core/environment-config.test.ts"},{"assertionResults":[{"ancestorTitles":["","ProxyConfigProcessor","transformSimpleConfig"],"fullName":" ProxyConfigProcessor transformSimpleConfig 应该正确转换 API 代理配置","status":"passed","title":"应该正确转换 API 代理配置","duration":2,"failureMessages":[]},{"ancestorTitles":["","ProxyConfigProcessor","transformSimpleConfig"],"fullName":" ProxyConfigProcessor transformSimpleConfig 应该正确转换静态资源代理配置","status":"passed","title":"应该正确转换静态资源代理配置","duration":1,"failureMessages":[]},{"ancestorTitles":["","ProxyConfigProcessor","transformSimpleConfig"],"fullName":" ProxyConfigProcessor transformSimpleConfig 应该正确转换 WebSocket 代理配置","status":"passed","title":"应该正确转换 WebSocket 代理配置","duration":0,"failureMessages":[]},{"ancestorTitles":["","ProxyConfigProcessor","transformSimpleConfig"],"fullName":" ProxyConfigProcessor transformSimpleConfig 应该正确转换自定义代理规则","status":"passed","title":"应该正确转换自定义代理规则","duration":0,"failureMessages":[]},{"ancestorTitles":["","ProxyConfigProcessor","transformSimpleConfig"],"fullName":" ProxyConfigProcessor transformSimpleConfig 应该处理复合配置","status":"passed","title":"应该处理复合配置","duration":1,"failureMessages":[]},{"ancestorTitles":["","ProxyConfigProcessor","validateProxyConfig"],"fullName":" ProxyConfigProcessor validateProxyConfig 应该验证有效的代理配置","status":"passed","title":"应该验证有效的代理配置","duration":0,"failureMessages":[]},{"ancestorTitles":["","ProxyConfigProcessor","validateProxyConfig"],"fullName":" ProxyConfigProcessor validateProxyConfig 应该检测无效的目标地址","status":"passed","title":"应该检测无效的目标地址","duration":1,"failureMessages":[]},{"ancestorTitles":["","ProxyConfigProcessor","validateProxyConfig"],"fullName":" ProxyConfigProcessor validateProxyConfig 应该检测缺少目标地址","status":"passed","title":"应该检测缺少目标地址","duration":0,"failureMessages":[]},{"ancestorTitles":["","ProxyConfigProcessor","validateProxyConfig"],"fullName":" ProxyConfigProcessor validateProxyConfig 应该生成警告信息","status":"passed","title":"应该生成警告信息","duration":0,"failureMessages":[]},{"ancestorTitles":["","ProxyConfigProcessor","validateProxyConfig"],"fullName":" ProxyConfigProcessor validateProxyConfig 应该处理非对象配置","status":"passed","title":"应该处理非对象配置","duration":0,"failureMessages":[]},{"ancestorTitles":["","ProxyConfigProcessor","mergeProxyConfigs"],"fullName":" ProxyConfigProcessor mergeProxyConfigs 应该合并代理配置","status":"passed","title":"应该合并代理配置","duration":0,"failureMessages":[]},{"ancestorTitles":["","ProxyConfigProcessor","mergeProxyConfigs"],"fullName":" ProxyConfigProcessor mergeProxyConfigs 应该处理空配置","status":"passed","title":"应该处理空配置","duration":1,"failureMessages":[]},{"ancestorTitles":["","ProxyConfigProcessor","generateExample"],"fullName":" ProxyConfigProcessor generateExample 应该生成简单配置示例","status":"passed","title":"应该生成简单配置示例","duration":0,"failureMessages":[]},{"ancestorTitles":["","ProxyConfigProcessor","generateExample"],"fullName":" ProxyConfigProcessor generateExample 应该生成高级配置示例","status":"passed","title":"应该生成高级配置示例","duration":0,"failureMessages":[]},{"ancestorTitles":["","createProxyConfig"],"fullName":" createProxyConfig 应该创建代理配置","status":"passed","title":"应该创建代理配置","duration":0,"failureMessages":[]},{"ancestorTitles":["","validateProxy"],"fullName":" validateProxy 应该验证代理配置","status":"passed","title":"应该验证代理配置","duration":1,"failureMessages":[]}],"startTime":1759763112420,"endTime":1759763112427,"status":"passed","message":"","name":"D:/WorkBench/ldesign/packages/launcher/tests/core/proxy-config.test.ts"},{"assertionResults":[{"ancestorTitles":["","ViteLauncher","构造函数"],"fullName":" ViteLauncher 构造函数 应该正确初始化 ViteLauncher 实例","status":"passed","title":"应该正确初始化 ViteLauncher 实例","duration":2,"failureMessages":[]},{"ancestorTitles":["","ViteLauncher","构造函数"],"fullName":" ViteLauncher 构造函数 应该使用默认配置","status":"passed","title":"应该使用默认配置","duration":0,"failureMessages":[]},{"ancestorTitles":["","ViteLauncher","构造函数"],"fullName":" ViteLauncher 构造函数 应该接受自定义配置","status":"passed","title":"应该接受自定义配置","duration":1,"failureMessages":[]},{"ancestorTitles":["","ViteLauncher","状态管理"],"fullName":" ViteLauncher 状态管理 应该正确获取初始状态","status":"passed","title":"应该正确获取初始状态","duration":0,"failureMessages":[]},{"ancestorTitles":["","ViteLauncher","状态管理"],"fullName":" ViteLauncher 状态管理 应该正确检测运行状态","status":"passed","title":"应该正确检测运行状态","duration":0,"failureMessages":[]},{"ancestorTitles":["","ViteLauncher","配置管理"],"fullName":" ViteLauncher 配置管理 应该正确合并配置","status":"passed","title":"应该正确合并配置","duration":0,"failureMessages":[]},{"ancestorTitles":["","ViteLauncher","配置管理"],"fullName":" ViteLauncher 配置管理 应该正确验证配置","status":"passed","title":"应该正确验证配置","duration":1,"failureMessages":[]},{"ancestorTitles":["","ViteLauncher","配置管理"],"fullName":" ViteLauncher 配置管理 应该检测无效配置","status":"passed","title":"应该检测无效配置","duration":1,"failureMessages":[]},{"ancestorTitles":["","ViteLauncher","插件管理"],"fullName":" ViteLauncher 插件管理 应该正确添加插件","status":"passed","title":"应该正确添加插件","duration":0,"failureMessages":[]},{"ancestorTitles":["","ViteLauncher","插件管理"],"fullName":" ViteLauncher 插件管理 应该正确移除插件","status":"passed","title":"应该正确移除插件","duration":1,"failureMessages":[]},{"ancestorTitles":["","ViteLauncher","插件管理"],"fullName":" ViteLauncher 插件管理 应该处理重复插件名称","status":"passed","title":"应该处理重复插件名称","duration":0,"failureMessages":[]},{"ancestorTitles":["","ViteLauncher","统计信息"],"fullName":" ViteLauncher 统计信息 应该正确获取统计信息","status":"passed","title":"应该正确获取统计信息","duration":0,"failureMessages":[]},{"ancestorTitles":["","ViteLauncher","统计信息"],"fullName":" ViteLauncher 统计信息 应该正确获取性能指标","status":"passed","title":"应该正确获取性能指标","duration":0,"failureMessages":[]},{"ancestorTitles":["","ViteLauncher","生命周期钩子"],"fullName":" ViteLauncher 生命周期钩子 应该正确注册 onReady 回调","status":"passed","title":"应该正确注册 onReady 回调","duration":1,"failureMessages":[]},{"ancestorTitles":["","ViteLauncher","生命周期钩子"],"fullName":" ViteLauncher 生命周期钩子 应该正确注册 onError 回调","status":"passed","title":"应该正确注册 onError 回调","duration":3,"failureMessages":[]},{"ancestorTitles":["","ViteLauncher","生命周期钩子"],"fullName":" ViteLauncher 生命周期钩子 应该正确注册 onClose 回调","status":"passed","title":"应该正确注册 onClose 回调","duration":0,"failureMessages":[]},{"ancestorTitles":["","ViteLauncher","错误处理"],"fullName":" ViteLauncher 错误处理 应该正确处理和记录错误","status":"passed","title":"应该正确处理和记录错误","duration":1,"failureMessages":[]},{"ancestorTitles":["","ViteLauncher","销毁"],"fullName":" ViteLauncher 销毁 应该正确清理资源","status":"passed","title":"应该正确清理资源","duration":0,"failureMessages":[]}],"startTime":1759763112670,"endTime":1759763112681,"status":"passed","message":"","name":"D:/WorkBench/ldesign/packages/launcher/tests/core/ViteLauncher.test.ts"},{"assertionResults":[{"ancestorTitles":["","ViteLauncher 性能测试","启动性能"],"fullName":" ViteLauncher 性能测试 启动性能 应该在合理时间内启动开发服务器","status":"passed","title":"应该在合理时间内启动开发服务器","duration":74,"failureMessages":[]},{"ancestorTitles":["","ViteLauncher 性能测试","启动性能"],"fullName":" ViteLauncher 性能测试 启动性能 应该在合理时间内完成构建","status":"passed","title":"应该在合理时间内完成构建","duration":3,"failureMessages":[]},{"ancestorTitles":["","ViteLauncher 性能测试","启动性能"],"fullName":" ViteLauncher 性能测试 启动性能 应该快速响应配置变更","status":"passed","title":"应该快速响应配置变更","duration":0,"failureMessages":[]},{"ancestorTitles":["","ViteLauncher 性能测试","内存使用"],"fullName":" ViteLauncher 性能测试 内存使用 应该保持合理的内存使用","status":"passed","title":"应该保持合理的内存使用","duration":9,"failureMessages":[]},{"ancestorTitles":["","ViteLauncher 性能测试","内存使用"],"fullName":" ViteLauncher 性能测试 内存使用 应该正确清理内存","status":"passed","title":"应该正确清理内存","duration":9,"failureMessages":[]},{"ancestorTitles":["","ViteLauncher 性能测试","并发性能"],"fullName":" ViteLauncher 性能测试 并发性能 应该支持并发操作","status":"passed","title":"应该支持并发操作","duration":1,"failureMessages":[]},{"ancestorTitles":["","ViteLauncher 性能测试","并发性能"],"fullName":" ViteLauncher 性能测试 并发性能 应该处理多个插件而不影响性能","status":"passed","title":"应该处理多个插件而不影响性能","duration":2,"failureMessages":[]},{"ancestorTitles":["","ViteLauncher 性能测试","事件系统性能"],"fullName":" ViteLauncher 性能测试 事件系统性能 应该高效处理大量事件监听器","status":"passed","title":"应该高效处理大量事件监听器","duration":1,"failureMessages":[]},{"ancestorTitles":["","ViteLauncher 性能测试","事件系统性能"],"fullName":" ViteLauncher 性能测试 事件系统性能 应该高效触发事件","status":"passed","title":"应该高效触发事件","duration":0,"failureMessages":[]},{"ancestorTitles":["","ViteLauncher 性能测试","配置处理性能"],"fullName":" ViteLauncher 性能测试 配置处理性能 应该快速处理大型配置对象","status":"passed","title":"应该快速处理大型配置对象","duration":1,"failureMessages":[]},{"ancestorTitles":["","ViteLauncher 性能测试","配置处理性能"],"fullName":" ViteLauncher 性能测试 配置处理性能 应该快速合并复杂配置","status":"passed","title":"应该快速合并复杂配置","duration":0,"failureMessages":[]},{"ancestorTitles":["","ViteLauncher 性能测试","资源使用监控"],"fullName":" ViteLauncher 性能测试 资源使用监控 应该监控 CPU 使用率","status":"passed","title":"应该监控 CPU 使用率","duration":4,"failureMessages":[]},{"ancestorTitles":["","ViteLauncher 性能测试","资源使用监控"],"fullName":" ViteLauncher 性能测试 资源使用监控 应该监控事件循环延迟","status":"passed","title":"应该监控事件循环延迟","duration":2,"failureMessages":[]},{"ancestorTitles":["","ViteLauncher 性能测试","性能警告检测"],"fullName":" ViteLauncher 性能测试 性能警告检测 应该检测性能问题","status":"passed","title":"应该检测性能问题","duration":1,"failureMessages":[]}],"startTime":1759763112268,"endTime":1759763112375,"status":"passed","message":"","name":"D:/WorkBench/ldesign/packages/launcher/tests/performance/launcher.perf.test.ts"},{"assertionResults":[{"ancestorTitles":["","配置工具函数","findConfigFile"],"fullName":" 配置工具函数 findConfigFile 应该找到指定的配置文件","status":"skipped","title":"应该找到指定的配置文件","failureMessages":[]},{"ancestorTitles":["","配置工具函数","findConfigFile"],"fullName":" 配置工具函数 findConfigFile 应该在指定文件不存在时抛出错误","status":"passed","title":"应该在指定文件不存在时抛出错误","duration":2,"failureMessages":[]},{"ancestorTitles":["","配置工具函数","findConfigFile"],"fullName":" 配置工具函数 findConfigFile 应该自动查找默认配置文件","status":"skipped","title":"应该自动查找默认配置文件","failureMessages":[]},{"ancestorTitles":["","配置工具函数","findConfigFile"],"fullName":" 配置工具函数 findConfigFile 应该在找不到任何配置文件时返回 null","status":"passed","title":"应该在找不到任何配置文件时返回 null","duration":1,"failureMessages":[]},{"ancestorTitles":["","配置工具函数","loadConfigFile"],"fullName":" 配置工具函数 loadConfigFile 应该加载 JSON 配置文件","status":"passed","title":"应该加载 JSON 配置文件","duration":1,"failureMessages":[]},{"ancestorTitles":["","配置工具函数","loadConfigFile"],"fullName":" 配置工具函数 loadConfigFile 应该加载 JavaScript 配置文件","status":"passed","title":"应该加载 JavaScript 配置文件","duration":1,"failureMessages":[]},{"ancestorTitles":["","配置工具函数","loadConfigFile"],"fullName":" 配置工具函数 loadConfigFile 应该处理不支持的文件格式","status":"passed","title":"应该处理不支持的文件格式","duration":1,"failureMessages":[]},{"ancestorTitles":["","配置工具函数","loadConfigFile"],"fullName":" 配置工具函数 loadConfigFile 应该处理文件不存在的情况","status":"passed","title":"应该处理文件不存在的情况","duration":0,"failureMessages":[]},{"ancestorTitles":["","配置工具函数","saveConfigFile"],"fullName":" 配置工具函数 saveConfigFile 应该保存 JSON 配置文件","status":"skipped","title":"应该保存 JSON 配置文件","failureMessages":[]},{"ancestorTitles":["","配置工具函数","saveConfigFile"],"fullName":" 配置工具函数 saveConfigFile 应该保存 JavaScript 配置文件","status":"skipped","title":"应该保存 JavaScript 配置文件","failureMessages":[]},{"ancestorTitles":["","配置工具函数","saveConfigFile"],"fullName":" 配置工具函数 saveConfigFile 应该保存 TypeScript 配置文件","status":"skipped","title":"应该保存 TypeScript 配置文件","failureMessages":[]},{"ancestorTitles":["","配置工具函数","mergeConfigs"],"fullName":" 配置工具函数 mergeConfigs 应该正确合并配置对象","status":"passed","title":"应该正确合并配置对象","duration":0,"failureMessages":[]},{"ancestorTitles":["","配置工具函数","mergeConfigs"],"fullName":" 配置工具函数 mergeConfigs 应该在深度合并失败时回退到简单合并","status":"skipped","title":"应该在深度合并失败时回退到简单合并","failureMessages":[]},{"ancestorTitles":["","配置工具函数","validateConfig"],"fullName":" 配置工具函数 validateConfig 应该验证有效配置","status":"passed","title":"应该验证有效配置","duration":1,"failureMessages":[]},{"ancestorTitles":["","配置工具函数","validateConfig"],"fullName":" 配置工具函数 validateConfig 应该检测无效的端口号","status":"passed","title":"应该检测无效的端口号","duration":0,"failureMessages":[]},{"ancestorTitles":["","配置工具函数","validateConfig"],"fullName":" 配置工具函数 validateConfig 应该检测无效的主机地址类型","status":"passed","title":"应该检测无效的主机地址类型","duration":0,"failureMessages":[]},{"ancestorTitles":["","配置工具函数","validateConfig"],"fullName":" 配置工具函数 validateConfig 应该检测无效的构建目标","status":"passed","title":"应该检测无效的构建目标","duration":0,"failureMessages":[]},{"ancestorTitles":["","配置工具函数","validateConfig"],"fullName":" 配置工具函数 validateConfig 应该处理非对象配置","status":"passed","title":"应该处理非对象配置","duration":1,"failureMessages":[]},{"ancestorTitles":["","配置工具函数","normalizeConfigPaths"],"fullName":" 配置工具函数 normalizeConfigPaths 应该规范化相对路径","status":"passed","title":"应该规范化相对路径","duration":0,"failureMessages":[]},{"ancestorTitles":["","配置工具函数","normalizeConfigPaths"],"fullName":" 配置工具函数 normalizeConfigPaths 应该保持绝对路径不变","status":"passed","title":"应该保持绝对路径不变","duration":0,"failureMessages":[]},{"ancestorTitles":["","配置工具函数","getDefaultConfigPath"],"fullName":" 配置工具函数 getDefaultConfigPath 应该返回 TypeScript 配置路径（默认）","status":"passed","title":"应该返回 TypeScript 配置路径（默认）","duration":0,"failureMessages":[]},{"ancestorTitles":["","配置工具函数","getDefaultConfigPath"],"fullName":" 配置工具函数 getDefaultConfigPath 应该返回 JavaScript 配置路径","status":"passed","title":"应该返回 JavaScript 配置路径","duration":0,"failureMessages":[]},{"ancestorTitles":["","配置工具函数","isTypeScriptConfig"],"fullName":" 配置工具函数 isTypeScriptConfig 应该识别 TypeScript 配置文件","status":"passed","title":"应该识别 TypeScript 配置文件","duration":1,"failureMessages":[]},{"ancestorTitles":["","配置工具函数","getConfigWatchOptions"],"fullName":" 配置工具函数 getConfigWatchOptions 应该返回正确的监听选项","status":"passed","title":"应该返回正确的监听选项","duration":1,"failureMessages":[]}],"startTime":1759763112192,"endTime":1759763112203,"status":"passed","message":"","name":"D:/WorkBench/ldesign/packages/launcher/tests/utils/config.test.ts"},{"assertionResults":[{"ancestorTitles":["","EnvironmentManager","parseEnvFile"],"fullName":" EnvironmentManager parseEnvFile 应该正确解析 .env 文件内容","status":"passed","title":"应该正确解析 .env 文件内容","duration":1,"failureMessages":[]},{"ancestorTitles":["","EnvironmentManager","parseEnvFile"],"fullName":" EnvironmentManager parseEnvFile 应该忽略注释和空行","status":"passed","title":"应该忽略注释和空行","duration":1,"failureMessages":[]},{"ancestorTitles":["","EnvironmentManager","parseEnvFile"],"fullName":" EnvironmentManager parseEnvFile 应该处理转义字符","status":"passed","title":"应该处理转义字符","duration":0,"failureMessages":[]},{"ancestorTitles":["","EnvironmentManager","loadEnvFile"],"fullName":" EnvironmentManager loadEnvFile 应该成功加载环境变量文件","status":"passed","title":"应该成功加载环境变量文件","duration":0,"failureMessages":[]},{"ancestorTitles":["","EnvironmentManager","loadEnvFile"],"fullName":" EnvironmentManager loadEnvFile 应该处理文件不存在的情况","status":"passed","title":"应该处理文件不存在的情况","duration":1,"failureMessages":[]},{"ancestorTitles":["","EnvironmentManager","loadEnvFile"],"fullName":" EnvironmentManager loadEnvFile 应该处理其他读取错误","status":"passed","title":"应该处理其他读取错误","duration":1,"failureMessages":[]},{"ancestorTitles":["","EnvironmentManager","expandValue"],"fullName":" EnvironmentManager expandValue 应该展开 ${} 格式的环境变量","status":"passed","title":"应该展开 ${} 格式的环境变量","duration":0,"failureMessages":[]},{"ancestorTitles":["","EnvironmentManager","expandValue"],"fullName":" EnvironmentManager expandValue 应该展开 $ 格式的环境变量","status":"passed","title":"应该展开 $ 格式的环境变量","duration":1,"failureMessages":[]},{"ancestorTitles":["","EnvironmentManager","expandValue"],"fullName":" EnvironmentManager expandValue 应该保留未定义的变量","status":"passed","title":"应该保留未定义的变量","duration":0,"failureMessages":[]},{"ancestorTitles":["","EnvironmentManager","expandValue"],"fullName":" EnvironmentManager expandValue 应该处理混合格式","status":"passed","title":"应该处理混合格式","duration":0,"failureMessages":[]},{"ancestorTitles":["","EnvironmentManager","loadConfig"],"fullName":" EnvironmentManager loadConfig 应该加载完整的环境变量配置","status":"passed","title":"应该加载完整的环境变量配置","duration":1,"failureMessages":[]},{"ancestorTitles":["","EnvironmentManager","loadConfig"],"fullName":" EnvironmentManager loadConfig 应该在缺少必需变量时抛出错误","status":"passed","title":"应该在缺少必需变量时抛出错误","duration":0,"failureMessages":[]},{"ancestorTitles":["","EnvironmentManager","getClientEnv"],"fullName":" EnvironmentManager getClientEnv 应该返回客户端环境变量","status":"passed","title":"应该返回客户端环境变量","duration":1,"failureMessages":[]},{"ancestorTitles":["","EnvironmentManager","getClientEnv"],"fullName":" EnvironmentManager getClientEnv 应该支持自定义前缀","status":"passed","title":"应该支持自定义前缀","duration":0,"failureMessages":[]},{"ancestorTitles":["","EnvironmentManager","generateDefines"],"fullName":" EnvironmentManager generateDefines 应该生成正确的定义对象","status":"passed","title":"应该生成正确的定义对象","duration":1,"failureMessages":[]},{"ancestorTitles":["","EnvironmentManager","generateEnvFile"],"fullName":" EnvironmentManager generateEnvFile 应该生成正确的环境变量文件","status":"passed","title":"应该生成正确的环境变量文件","duration":9,"failureMessages":[]},{"ancestorTitles":["","EnvironmentManager","generateEnvFile"],"fullName":" EnvironmentManager generateEnvFile 应该正确转义特殊字符","status":"passed","title":"应该正确转义特殊字符","duration":1,"failureMessages":[]},{"ancestorTitles":["","EnvFileFinder","findEnvFiles"],"fullName":" EnvFileFinder findEnvFiles 应该找到存在的环境变量文件","status":"passed","title":"应该找到存在的环境变量文件","duration":0,"failureMessages":[]},{"ancestorTitles":["","EnvFileFinder","findEnvFiles"],"fullName":" EnvFileFinder findEnvFiles 应该包含自定义文件","status":"passed","title":"应该包含自定义文件","duration":1,"failureMessages":[]},{"ancestorTitles":["","EnvValidator","validate"],"fullName":" EnvValidator validate 应该验证必需的环境变量","status":"passed","title":"应该验证必需的环境变量","duration":0,"failureMessages":[]},{"ancestorTitles":["","EnvValidator","validate"],"fullName":" EnvValidator validate 应该报告缺失的必需变量","status":"passed","title":"应该报告缺失的必需变量","duration":0,"failureMessages":[]},{"ancestorTitles":["","EnvValidator","validate"],"fullName":" EnvValidator validate 应该验证变量类型","status":"passed","title":"应该验证变量类型","duration":1,"failureMessages":[]},{"ancestorTitles":["","EnvValidator","validate"],"fullName":" EnvValidator validate 应该验证变量值范围","status":"passed","title":"应该验证变量值范围","duration":0,"failureMessages":[]},{"ancestorTitles":["","EnvValidator","validate"],"fullName":" EnvValidator validate 应该验证枚举值","status":"passed","title":"应该验证枚举值","duration":0,"failureMessages":[]},{"ancestorTitles":["","EnvValidator","validate"],"fullName":" EnvValidator validate 应该处理正则表达式验证","status":"passed","title":"应该处理正则表达式验证","duration":0,"failureMessages":[]},{"ancestorTitles":["","EnvValidator","validate"],"fullName":" EnvValidator validate 应该生成废弃警告","status":"passed","title":"应该生成废弃警告","duration":1,"failureMessages":[]},{"ancestorTitles":["","全局函数"],"fullName":" 全局函数 loadEnv 应该正常工作","status":"passed","title":"loadEnv 应该正常工作","duration":0,"failureMessages":[]},{"ancestorTitles":["","全局函数"],"fullName":" 全局函数 getClientEnv 应该返回客户端环境变量","status":"passed","title":"getClientEnv 应该返回客户端环境变量","duration":0,"failureMessages":[]},{"ancestorTitles":["","全局函数"],"fullName":" 全局函数 generateDefines 应该生成定义对象","status":"passed","title":"generateDefines 应该生成定义对象","duration":0,"failureMessages":[]}],"startTime":1759763111320,"endTime":1759763111342,"status":"passed","message":"","name":"D:/WorkBench/ldesign/packages/launcher/tests/utils/env.test.ts"}]}