{"numTotalTestSuites":11,"numPassedTestSuites":11,"numFailedTestSuites":0,"numPendingTestSuites":0,"numTotalTests":16,"numPassedTests":16,"numFailedTests":0,"numPendingTests":0,"numTodoTests":0,"startTime":1758197988818,"success":true,"testResults":[{"assertionResults":[{"ancestorTitles":["","AliasManager","构造函数"],"fullName":" AliasManager 构造函数 应该使用默认工作目录","status":"passed","title":"应该使用默认工作目录","duration":1,"failureMessages":[]},{"ancestorTitles":["","AliasManager","构造函数"],"fullName":" AliasManager 构造函数 应该使用指定的工作目录","status":"passed","title":"应该使用指定的工作目录","duration":0,"failureMessages":[]},{"ancestorTitles":["","AliasManager","generateBuiltinAliases"],"fullName":" AliasManager generateBuiltinAliases 应该生成基本的 @ -> src 别名","status":"passed","title":"应该生成基本的 @ -> src 别名","duration":1,"failureMessages":[]},{"ancestorTitles":["","AliasManager","generateBuiltinAliases"],"fullName":" AliasManager generateBuiltinAliases 应该使用绝对路径","status":"passed","title":"应该使用绝对路径","duration":1,"failureMessages":[]},{"ancestorTitles":["","AliasManager","getCwd 和 setCwd"],"fullName":" AliasManager getCwd 和 setCwd 应该获取当前工作目录","status":"passed","title":"应该获取当前工作目录","duration":0,"failureMessages":[]},{"ancestorTitles":["","AliasManager","getCwd 和 setCwd"],"fullName":" AliasManager getCwd 和 setCwd 应该设置新的工作目录","status":"passed","title":"应该设置新的工作目录","duration":0,"failureMessages":[]},{"ancestorTitles":["","AliasManager","getCwd 和 setCwd"],"fullName":" AliasManager getCwd 和 setCwd 设置新工作目录后应该影响别名生成","status":"passed","title":"设置新工作目录后应该影响别名生成","duration":0,"failureMessages":[]},{"ancestorTitles":["","AliasManager","createAliasManager 工厂函数"],"fullName":" AliasManager createAliasManager 工厂函数 应该创建 AliasManager 实例","status":"passed","title":"应该创建 AliasManager 实例","duration":0,"failureMessages":[]},{"ancestorTitles":["","AliasManager","createAliasManager 工厂函数"],"fullName":" AliasManager createAliasManager 工厂函数 应该使用指定的工作目录","status":"passed","title":"应该使用指定的工作目录","duration":0,"failureMessages":[]},{"ancestorTitles":["","AliasManager","createAliasManager 工厂函数"],"fullName":" AliasManager createAliasManager 工厂函数 应该使用默认工作目录","status":"passed","title":"应该使用默认工作目录","duration":1,"failureMessages":[]},{"ancestorTitles":["","AliasManager","边界情况"],"fullName":" AliasManager 边界情况 应该处理空字符串工作目录","status":"passed","title":"应该处理空字符串工作目录","duration":0,"failureMessages":[]},{"ancestorTitles":["","AliasManager","边界情况"],"fullName":" AliasManager 边界情况 应该处理相对路径工作目录","status":"passed","title":"应该处理相对路径工作目录","duration":0,"failureMessages":[]}],"startTime":1758197989102,"endTime":1758197989106,"status":"passed","message":"","name":"D:/WorkBench/ldesign/packages/launcher/src/__tests__/core/AliasManager.test.ts"},{"assertionResults":[{"ancestorTitles":["","aliases 类型定义","AliasEntry 接口"],"fullName":" aliases 类型定义 AliasEntry 接口 应该支持字符串 find 属性","status":"passed","title":"应该支持字符串 find 属性","duration":1,"failureMessages":[]},{"ancestorTitles":["","aliases 类型定义","AliasEntry 接口"],"fullName":" aliases 类型定义 AliasEntry 接口 应该支持正则表达式 find 属性","status":"passed","title":"应该支持正则表达式 find 属性","duration":0,"failureMessages":[]},{"ancestorTitles":["","aliases 类型定义","AliasEntry 接口"],"fullName":" aliases 类型定义 AliasEntry 接口 应该支持复杂的别名配置","status":"passed","title":"应该支持复杂的别名配置","duration":1,"failureMessages":[]},{"ancestorTitles":["","aliases 类型定义","类型兼容性"],"fullName":" aliases 类型定义 类型兼容性 应该与 Vite 的 alias 配置兼容","status":"passed","title":"应该与 Vite 的 alias 配置兼容","duration":0,"failureMessages":[]}],"startTime":1758197989092,"endTime":1758197989094,"status":"passed","message":"","name":"D:/WorkBench/ldesign/packages/launcher/src/__tests__/utils/aliases.test.ts"}]}