{"numTotalTestSuites":55,"numPassedTestSuites":30,"numFailedTestSuites":25,"numPendingTestSuites":0,"numTotalTests":90,"numPassedTests":73,"numFailedTests":17,"numPendingTests":0,"numTodoTests":0,"snapshot":{"added":0,"failure":false,"filesAdded":0,"filesRemoved":0,"filesRemovedList":[],"filesUnmatched":0,"filesUpdated":0,"matched":0,"total":0,"unchecked":0,"uncheckedKeysByFile":[],"unmatched":0,"updated":0,"didUpdate":false},"startTime":1757942543206,"success":false,"testResults":[{"assertionResults":[{"ancestorTitles":["Alert","Rendering"],"fullName":"Alert Rendering should render correctly","status":"passed","title":"should render correctly","duration":15.344800000000305,"failureMessages":[],"location":{"line":11,"column":5},"meta":{}},{"ancestorTitles":["Alert","Rendering"],"fullName":"Alert Rendering should render with custom class","status":"passed","title":"should render with custom class","duration":3.8876000000000204,"failureMessages":[],"location":{"line":16,"column":5},"meta":{}},{"ancestorTitles":["Alert","Props"],"fullName":"Alert Props should handle size prop correctly","status":"failed","title":"should handle size prop correctly","duration":6.518199999999979,"failureMessages":["AssertionError: expected [ 'ld-alert', 'ld-alert--info', …(1) ] to include 'ld-alert--large'\n    at Proxy.<anonymous> (file:///D:/WorkBench/ldesign/node_modules/.pnpm/@vitest+expect@3.2.4/node_modules/@vitest/expect/dist/index.js:1191:15)\n    at Proxy.<anonymous> (file:///D:/WorkBench/ldesign/node_modules/.pnpm/@vitest+expect@3.2.4/node_modules/@vitest/expect/dist/index.js:1029:14)\n    at Proxy.methodWrapper (file:///D:/WorkBench/ldesign/node_modules/.pnpm/chai@5.3.3/node_modules/chai/index.js:1686:25)\n    at D:\\WorkBench\\ldesign\\packages\\component\\src\\components\\alert\\Alert.test.ts:33:33\n    at file:///D:/WorkBench/ldesign/node_modules/.pnpm/@vitest+runner@3.2.4/node_modules/@vitest/runner/dist/chunk-hooks.js:155:11\n    at file:///D:/WorkBench/ldesign/node_modules/.pnpm/@vitest+runner@3.2.4/node_modules/@vitest/runner/dist/chunk-hooks.js:752:26\n    at file:///D:/WorkBench/ldesign/node_modules/.pnpm/@vitest+runner@3.2.4/node_modules/@vitest/runner/dist/chunk-hooks.js:1897:20\n    at new Promise (<anonymous>)\n    at runWithTimeout (file:///D:/WorkBench/ldesign/node_modules/.pnpm/@vitest+runner@3.2.4/node_modules/@vitest/runner/dist/chunk-hooks.js:1863:10)\n    at runTest (file:///D:/WorkBench/ldesign/node_modules/.pnpm/@vitest+runner@3.2.4/node_modules/@vitest/runner/dist/chunk-hooks.js:1574:12)"],"location":{"line":27,"column":5},"meta":{}},{"ancestorTitles":["Alert","Props"],"fullName":"Alert Props should handle disabled prop correctly","status":"failed","title":"should handle disabled prop correctly","duration":2.6149999999997817,"failureMessages":["AssertionError: expected [ 'ld-alert', 'ld-alert--info', …(1) ] to include 'ld-alert--disabled'\n    at Proxy.<anonymous> (file:///D:/WorkBench/ldesign/node_modules/.pnpm/@vitest+expect@3.2.4/node_modules/@vitest/expect/dist/index.js:1191:15)\n    at Proxy.<anonymous> (file:///D:/WorkBench/ldesign/node_modules/.pnpm/@vitest+expect@3.2.4/node_modules/@vitest/expect/dist/index.js:1029:14)\n    at Proxy.methodWrapper (file:///D:/WorkBench/ldesign/node_modules/.pnpm/chai@5.3.3/node_modules/chai/index.js:1686:25)\n    at D:\\WorkBench\\ldesign\\packages\\component\\src\\components\\alert\\Alert.test.ts:42:33\n    at file:///D:/WorkBench/ldesign/node_modules/.pnpm/@vitest+runner@3.2.4/node_modules/@vitest/runner/dist/chunk-hooks.js:155:11\n    at file:///D:/WorkBench/ldesign/node_modules/.pnpm/@vitest+runner@3.2.4/node_modules/@vitest/runner/dist/chunk-hooks.js:752:26\n    at file:///D:/WorkBench/ldesign/node_modules/.pnpm/@vitest+runner@3.2.4/node_modules/@vitest/runner/dist/chunk-hooks.js:1897:20\n    at new Promise (<anonymous>)\n    at runWithTimeout (file:///D:/WorkBench/ldesign/node_modules/.pnpm/@vitest+runner@3.2.4/node_modules/@vitest/runner/dist/chunk-hooks.js:1863:10)\n    at runTest (file:///D:/WorkBench/ldesign/node_modules/.pnpm/@vitest+runner@3.2.4/node_modules/@vitest/runner/dist/chunk-hooks.js:1574:12)"],"location":{"line":36,"column":5},"meta":{}}],"startTime":1757942544920,"endTime":1757942544948.615,"status":"failed","message":"","name":"D:/WorkBench/ldesign/packages/component/src/components/alert/Alert.test.ts"},{"assertionResults":[{"ancestorTitles":["Badge","Rendering"],"fullName":"Badge Rendering should render correctly","status":"passed","title":"should render correctly","duration":36.435199999999895,"failureMessages":[],"location":{"line":11,"column":5},"meta":{}},{"ancestorTitles":["Badge","Rendering"],"fullName":"Badge Rendering should render with custom class","status":"passed","title":"should render with custom class","duration":6.27559999999994,"failureMessages":[],"location":{"line":16,"column":5},"meta":{}},{"ancestorTitles":["Badge","Props"],"fullName":"Badge Props should handle size prop correctly","status":"failed","title":"should handle size prop correctly","duration":7.3104000000003,"failureMessages":["AssertionError: expected [ 'ld-badge' ] to include 'ld-badge--large'\n    at Proxy.<anonymous> (file:///D:/WorkBench/ldesign/node_modules/.pnpm/@vitest+expect@3.2.4/node_modules/@vitest/expect/dist/index.js:1191:15)\n    at Proxy.<anonymous> (file:///D:/WorkBench/ldesign/node_modules/.pnpm/@vitest+expect@3.2.4/node_modules/@vitest/expect/dist/index.js:1029:14)\n    at Proxy.methodWrapper (file:///D:/WorkBench/ldesign/node_modules/.pnpm/chai@5.3.3/node_modules/chai/index.js:1686:25)\n    at D:\\WorkBench\\ldesign\\packages\\component\\src\\components\\badge\\Badge.test.ts:33:33\n    at file:///D:/WorkBench/ldesign/node_modules/.pnpm/@vitest+runner@3.2.4/node_modules/@vitest/runner/dist/chunk-hooks.js:155:11\n    at file:///D:/WorkBench/ldesign/node_modules/.pnpm/@vitest+runner@3.2.4/node_modules/@vitest/runner/dist/chunk-hooks.js:752:26\n    at file:///D:/WorkBench/ldesign/node_modules/.pnpm/@vitest+runner@3.2.4/node_modules/@vitest/runner/dist/chunk-hooks.js:1897:20\n    at new Promise (<anonymous>)\n    at runWithTimeout (file:///D:/WorkBench/ldesign/node_modules/.pnpm/@vitest+runner@3.2.4/node_modules/@vitest/runner/dist/chunk-hooks.js:1863:10)\n    at runTest (file:///D:/WorkBench/ldesign/node_modules/.pnpm/@vitest+runner@3.2.4/node_modules/@vitest/runner/dist/chunk-hooks.js:1574:12)"],"location":{"line":27,"column":5},"meta":{}},{"ancestorTitles":["Badge","Props"],"fullName":"Badge Props should handle disabled prop correctly","status":"failed","title":"should handle disabled prop correctly","duration":3.2710000000001855,"failureMessages":["AssertionError: expected [ 'ld-badge' ] to include 'ld-badge--disabled'\n    at Proxy.<anonymous> (file:///D:/WorkBench/ldesign/node_modules/.pnpm/@vitest+expect@3.2.4/node_modules/@vitest/expect/dist/index.js:1191:15)\n    at Proxy.<anonymous> (file:///D:/WorkBench/ldesign/node_modules/.pnpm/@vitest+expect@3.2.4/node_modules/@vitest/expect/dist/index.js:1029:14)\n    at Proxy.methodWrapper (file:///D:/WorkBench/ldesign/node_modules/.pnpm/chai@5.3.3/node_modules/chai/index.js:1686:25)\n    at D:\\WorkBench\\ldesign\\packages\\component\\src\\components\\badge\\Badge.test.ts:42:33\n    at file:///D:/WorkBench/ldesign/node_modules/.pnpm/@vitest+runner@3.2.4/node_modules/@vitest/runner/dist/chunk-hooks.js:155:11\n    at file:///D:/WorkBench/ldesign/node_modules/.pnpm/@vitest+runner@3.2.4/node_modules/@vitest/runner/dist/chunk-hooks.js:752:26\n    at file:///D:/WorkBench/ldesign/node_modules/.pnpm/@vitest+runner@3.2.4/node_modules/@vitest/runner/dist/chunk-hooks.js:1897:20\n    at new Promise (<anonymous>)\n    at runWithTimeout (file:///D:/WorkBench/ldesign/node_modules/.pnpm/@vitest+runner@3.2.4/node_modules/@vitest/runner/dist/chunk-hooks.js:1863:10)\n    at runTest (file:///D:/WorkBench/ldesign/node_modules/.pnpm/@vitest+runner@3.2.4/node_modules/@vitest/runner/dist/chunk-hooks.js:1574:12)"],"location":{"line":36,"column":5},"meta":{}}],"startTime":1757942545082,"endTime":1757942545136.271,"status":"failed","message":"","name":"D:/WorkBench/ldesign/packages/component/src/components/badge/Badge.test.ts"},{"assertionResults":[{"ancestorTitles":["Card","Rendering"],"fullName":"Card Rendering should render correctly","status":"passed","title":"should render correctly","duration":34.47980000000007,"failureMessages":[],"location":{"line":11,"column":5},"meta":{}},{"ancestorTitles":["Card","Rendering"],"fullName":"Card Rendering should render with custom class","status":"passed","title":"should render with custom class","duration":3.572400000000016,"failureMessages":[],"location":{"line":16,"column":5},"meta":{}},{"ancestorTitles":["Card","Props"],"fullName":"Card Props should handle size prop correctly","status":"passed","title":"should handle size prop correctly","duration":3.627400000000307,"failureMessages":[],"location":{"line":27,"column":5},"meta":{}},{"ancestorTitles":["Card","Props"],"fullName":"Card Props should handle disabled prop correctly","status":"failed","title":"should handle disabled prop correctly","duration":9.71349999999984,"failureMessages":["AssertionError: expected [ 'ld-card', 'ld-card--medium', …(2) ] to include 'ld-card--disabled'\n    at Proxy.<anonymous> (file:///D:/WorkBench/ldesign/node_modules/.pnpm/@vitest+expect@3.2.4/node_modules/@vitest/expect/dist/index.js:1191:15)\n    at Proxy.<anonymous> (file:///D:/WorkBench/ldesign/node_modules/.pnpm/@vitest+expect@3.2.4/node_modules/@vitest/expect/dist/index.js:1029:14)\n    at Proxy.methodWrapper (file:///D:/WorkBench/ldesign/node_modules/.pnpm/chai@5.3.3/node_modules/chai/index.js:1686:25)\n    at D:\\WorkBench\\ldesign\\packages\\component\\src\\components\\card\\Card.test.ts:42:33\n    at file:///D:/WorkBench/ldesign/node_modules/.pnpm/@vitest+runner@3.2.4/node_modules/@vitest/runner/dist/chunk-hooks.js:155:11\n    at file:///D:/WorkBench/ldesign/node_modules/.pnpm/@vitest+runner@3.2.4/node_modules/@vitest/runner/dist/chunk-hooks.js:752:26\n    at file:///D:/WorkBench/ldesign/node_modules/.pnpm/@vitest+runner@3.2.4/node_modules/@vitest/runner/dist/chunk-hooks.js:1897:20\n    at new Promise (<anonymous>)\n    at runWithTimeout (file:///D:/WorkBench/ldesign/node_modules/.pnpm/@vitest+runner@3.2.4/node_modules/@vitest/runner/dist/chunk-hooks.js:1863:10)\n    at runTest (file:///D:/WorkBench/ldesign/node_modules/.pnpm/@vitest+runner@3.2.4/node_modules/@vitest/runner/dist/chunk-hooks.js:1574:12)"],"location":{"line":36,"column":5},"meta":{}}],"startTime":1757942545110,"endTime":1757942545161.7134,"status":"failed","message":"","name":"D:/WorkBench/ldesign/packages/component/src/components/card/Card.test.ts"},{"assertionResults":[{"ancestorTitles":["Icon"],"fullName":"Icon 应该正确渲染","status":"failed","title":"应该正确渲染","duration":20.248399999999947,"failureMessages":["AssertionError: expected '' to be '🔍' // Object.is equality\n    at D:\\WorkBench\\ldesign\\packages\\component\\src\\components\\icon\\Icon.test.ts:18:28\n    at file:///D:/WorkBench/ldesign/node_modules/.pnpm/@vitest+runner@3.2.4/node_modules/@vitest/runner/dist/chunk-hooks.js:155:11\n    at file:///D:/WorkBench/ldesign/node_modules/.pnpm/@vitest+runner@3.2.4/node_modules/@vitest/runner/dist/chunk-hooks.js:752:26\n    at file:///D:/WorkBench/ldesign/node_modules/.pnpm/@vitest+runner@3.2.4/node_modules/@vitest/runner/dist/chunk-hooks.js:1897:20\n    at new Promise (<anonymous>)\n    at runWithTimeout (file:///D:/WorkBench/ldesign/node_modules/.pnpm/@vitest+runner@3.2.4/node_modules/@vitest/runner/dist/chunk-hooks.js:1863:10)\n    at runTest (file:///D:/WorkBench/ldesign/node_modules/.pnpm/@vitest+runner@3.2.4/node_modules/@vitest/runner/dist/chunk-hooks.js:1574:12)\n    at runSuite (file:///D:/WorkBench/ldesign/node_modules/.pnpm/@vitest+runner@3.2.4/node_modules/@vitest/runner/dist/chunk-hooks.js:1729:8)\n    at runSuite (file:///D:/WorkBench/ldesign/node_modules/.pnpm/@vitest+runner@3.2.4/node_modules/@vitest/runner/dist/chunk-hooks.js:1729:8)\n    at runFiles (file:///D:/WorkBench/ldesign/node_modules/.pnpm/@vitest+runner@3.2.4/node_modules/@vitest/runner/dist/chunk-hooks.js:1787:3)"],"location":{"line":10,"column":3},"meta":{}},{"ancestorTitles":["Icon"],"fullName":"Icon 应该支持不同尺寸","status":"passed","title":"应该支持不同尺寸","duration":2.3550999999997657,"failureMessages":[],"location":{"line":21,"column":3},"meta":{}},{"ancestorTitles":["Icon"],"fullName":"Icon 应该支持自定义尺寸","status":"failed","title":"应该支持自定义尺寸","duration":2.4802000000004227,"failureMessages":["AssertionError: expected '' to be '32px' // Object.is equality\n    at D:\\WorkBench\\ldesign\\packages\\component\\src\\components\\icon\\Icon.test.ts:41:76\n    at file:///D:/WorkBench/ldesign/node_modules/.pnpm/@vitest+runner@3.2.4/node_modules/@vitest/runner/dist/chunk-hooks.js:155:11\n    at file:///D:/WorkBench/ldesign/node_modules/.pnpm/@vitest+runner@3.2.4/node_modules/@vitest/runner/dist/chunk-hooks.js:752:26\n    at file:///D:/WorkBench/ldesign/node_modules/.pnpm/@vitest+runner@3.2.4/node_modules/@vitest/runner/dist/chunk-hooks.js:1897:20\n    at new Promise (<anonymous>)\n    at runWithTimeout (file:///D:/WorkBench/ldesign/node_modules/.pnpm/@vitest+runner@3.2.4/node_modules/@vitest/runner/dist/chunk-hooks.js:1863:10)\n    at runTest (file:///D:/WorkBench/ldesign/node_modules/.pnpm/@vitest+runner@3.2.4/node_modules/@vitest/runner/dist/chunk-hooks.js:1574:12)\n    at runSuite (file:///D:/WorkBench/ldesign/node_modules/.pnpm/@vitest+runner@3.2.4/node_modules/@vitest/runner/dist/chunk-hooks.js:1729:8)\n    at runSuite (file:///D:/WorkBench/ldesign/node_modules/.pnpm/@vitest+runner@3.2.4/node_modules/@vitest/runner/dist/chunk-hooks.js:1729:8)\n    at runFiles (file:///D:/WorkBench/ldesign/node_modules/.pnpm/@vitest+runner@3.2.4/node_modules/@vitest/runner/dist/chunk-hooks.js:1787:3)"],"location":{"line":32,"column":3},"meta":{}},{"ancestorTitles":["Icon"],"fullName":"Icon 应该支持颜色设置","status":"passed","title":"应该支持颜色设置","duration":3.48050000000012,"failureMessages":[],"location":{"line":44,"column":3},"meta":{}},{"ancestorTitles":["Icon"],"fullName":"Icon 应该支持旋转动画","status":"passed","title":"应该支持旋转动画","duration":2.4912999999996828,"failureMessages":[],"location":{"line":55,"column":3},"meta":{}},{"ancestorTitles":["Icon"],"fullName":"Icon 应该支持旋转角度","status":"passed","title":"应该支持旋转角度","duration":1.9163999999996122,"failureMessages":[],"location":{"line":66,"column":3},"meta":{}},{"ancestorTitles":["Icon"],"fullName":"Icon 应该触发点击事件","status":"passed","title":"应该触发点击事件","duration":3.0141999999996187,"failureMessages":[],"location":{"line":77,"column":3},"meta":{}},{"ancestorTitles":["Icon"],"fullName":"Icon 应该支持自定义类名","status":"passed","title":"应该支持自定义类名","duration":1.7256999999999607,"failureMessages":[],"location":{"line":88,"column":3},"meta":{}},{"ancestorTitles":["Icon"],"fullName":"Icon 应该暴露 getElement 方法","status":"passed","title":"应该暴露 getElement 方法","duration":1.6798000000003412,"failureMessages":[],"location":{"line":99,"column":3},"meta":{}}],"startTime":1757942544920,"endTime":1757942544959.6797,"status":"failed","message":"","name":"D:/WorkBench/ldesign/packages/component/src/components/icon/Icon.test.ts"},{"assertionResults":[{"ancestorTitles":["Input"],"fullName":"Input 应该正确渲染","status":"passed","title":"应该正确渲染","duration":16.885699999999815,"failureMessages":[],"location":{"line":22,"column":3},"meta":{}},{"ancestorTitles":["Input"],"fullName":"Input 应该支持不同尺寸","status":"passed","title":"应该支持不同尺寸","duration":7.843800000000101,"failureMessages":[],"location":{"line":31,"column":3},"meta":{}},{"ancestorTitles":["Input"],"fullName":"Input 应该支持不同状态","status":"passed","title":"应该支持不同状态","duration":3.615899999999783,"failureMessages":[],"location":{"line":39,"column":3},"meta":{}},{"ancestorTitles":["Input"],"fullName":"Input 应该支持禁用状态","status":"passed","title":"应该支持禁用状态","duration":3.038499999999658,"failureMessages":[],"location":{"line":47,"column":3},"meta":{}},{"ancestorTitles":["Input"],"fullName":"Input 应该支持只读状态","status":"passed","title":"应该支持只读状态","duration":3.803400000000238,"failureMessages":[],"location":{"line":56,"column":3},"meta":{}},{"ancestorTitles":["Input"],"fullName":"Input 应该支持清空功能","status":"passed","title":"应该支持清空功能","duration":10.82510000000002,"failureMessages":[],"location":{"line":65,"column":3},"meta":{}},{"ancestorTitles":["Input"],"fullName":"Input 应该支持密码切换","status":"passed","title":"应该支持密码切换","duration":2.4505999999996675,"failureMessages":[],"location":{"line":78,"column":3},"meta":{}},{"ancestorTitles":["Input"],"fullName":"Input 应该支持前缀和后缀图标","status":"passed","title":"应该支持前缀和后缀图标","duration":2.1020000000003165,"failureMessages":[],"location":{"line":88,"column":3},"meta":{}},{"ancestorTitles":["Input"],"fullName":"Input 应该支持前置和后置内容","status":"passed","title":"应该支持前置和后置内容","duration":2.4506000000001222,"failureMessages":[],"location":{"line":98,"column":3},"meta":{}},{"ancestorTitles":["Input"],"fullName":"Input 应该支持字数统计","status":"passed","title":"应该支持字数统计","duration":1.6582000000003063,"failureMessages":[],"location":{"line":110,"column":3},"meta":{}},{"ancestorTitles":["Input"],"fullName":"Input 应该触发输入事件","status":"passed","title":"应该触发输入事件","duration":3.2730999999998858,"failureMessages":[],"location":{"line":121,"column":3},"meta":{}},{"ancestorTitles":["Input"],"fullName":"Input 应该触发焦点事件","status":"passed","title":"应该触发焦点事件","duration":2.2185999999996966,"failureMessages":[],"location":{"line":128,"column":3},"meta":{}},{"ancestorTitles":["Input"],"fullName":"Input 应该触发回车事件","status":"passed","title":"应该触发回车事件","duration":1.3657000000002881,"failureMessages":[],"location":{"line":138,"column":3},"meta":{}},{"ancestorTitles":["Input"],"fullName":"Input 应该暴露实例方法","status":"passed","title":"应该暴露实例方法","duration":1.0614000000000487,"failureMessages":[],"location":{"line":145,"column":3},"meta":{}}],"startTime":1757942544967,"endTime":1757942545030.0613,"status":"passed","message":"","name":"D:/WorkBench/ldesign/packages/component/src/components/input/Input.test.ts"},{"assertionResults":[{"ancestorTitles":["Loading","Rendering"],"fullName":"Loading Rendering should render correctly","status":"passed","title":"should render correctly","duration":27.389000000000124,"failureMessages":[],"location":{"line":11,"column":5},"meta":{}},{"ancestorTitles":["Loading","Rendering"],"fullName":"Loading Rendering should render with custom class","status":"passed","title":"should render with custom class","duration":4.600399999999809,"failureMessages":[],"location":{"line":16,"column":5},"meta":{}},{"ancestorTitles":["Loading","Props"],"fullName":"Loading Props should handle size prop correctly","status":"passed","title":"should handle size prop correctly","duration":3.007000000000062,"failureMessages":[],"location":{"line":27,"column":5},"meta":{}},{"ancestorTitles":["Loading","Props"],"fullName":"Loading Props should handle disabled prop correctly","status":"failed","title":"should handle disabled prop correctly","duration":7.847600000000057,"failureMessages":["AssertionError: expected [ 'ld-loading', …(2) ] to include 'ld-loading--disabled'\n    at Proxy.<anonymous> (file:///D:/WorkBench/ldesign/node_modules/.pnpm/@vitest+expect@3.2.4/node_modules/@vitest/expect/dist/index.js:1191:15)\n    at Proxy.<anonymous> (file:///D:/WorkBench/ldesign/node_modules/.pnpm/@vitest+expect@3.2.4/node_modules/@vitest/expect/dist/index.js:1029:14)\n    at Proxy.methodWrapper (file:///D:/WorkBench/ldesign/node_modules/.pnpm/chai@5.3.3/node_modules/chai/index.js:1686:25)\n    at D:\\WorkBench\\ldesign\\packages\\component\\src\\components\\loading\\Loading.test.ts:42:33\n    at file:///D:/WorkBench/ldesign/node_modules/.pnpm/@vitest+runner@3.2.4/node_modules/@vitest/runner/dist/chunk-hooks.js:155:11\n    at file:///D:/WorkBench/ldesign/node_modules/.pnpm/@vitest+runner@3.2.4/node_modules/@vitest/runner/dist/chunk-hooks.js:752:26\n    at file:///D:/WorkBench/ldesign/node_modules/.pnpm/@vitest+runner@3.2.4/node_modules/@vitest/runner/dist/chunk-hooks.js:1897:20\n    at new Promise (<anonymous>)\n    at runWithTimeout (file:///D:/WorkBench/ldesign/node_modules/.pnpm/@vitest+runner@3.2.4/node_modules/@vitest/runner/dist/chunk-hooks.js:1863:10)\n    at runTest (file:///D:/WorkBench/ldesign/node_modules/.pnpm/@vitest+runner@3.2.4/node_modules/@vitest/runner/dist/chunk-hooks.js:1574:12)"],"location":{"line":36,"column":5},"meta":{}}],"startTime":1757942544991,"endTime":1757942545033.8477,"status":"failed","message":"","name":"D:/WorkBench/ldesign/packages/component/src/components/loading/Loading.test.ts"},{"assertionResults":[{"ancestorTitles":["Button 简单测试"],"fullName":"Button 简单测试 应该能够正常挂载","status":"passed","title":"应该能够正常挂载","duration":15.24539999999979,"failureMessages":[],"location":{"line":10,"column":3},"meta":{}},{"ancestorTitles":["Button 简单测试"],"fullName":"Button 简单测试 应该包含正确的类名","status":"passed","title":"应该包含正确的类名","duration":3.703899999999976,"failureMessages":[],"location":{"line":21,"column":3},"meta":{}},{"ancestorTitles":["Button 简单测试"],"fullName":"Button 简单测试 应该正确处理禁用状态","status":"passed","title":"应该正确处理禁用状态","duration":2.494499999999789,"failureMessages":[],"location":{"line":35,"column":3},"meta":{}}],"startTime":1757942544978,"endTime":1757942544999.4944,"status":"passed","message":"","name":"D:/WorkBench/ldesign/packages/component/src/components/button/Button.simple.test.ts"},{"assertionResults":[{"ancestorTitles":["Button","基础渲染"],"fullName":"Button 基础渲染 应该正确渲染默认按钮","status":"passed","title":"应该正确渲染默认按钮","duration":36.848099999999704,"failureMessages":[],"location":{"line":30,"column":5},"meta":{}},{"ancestorTitles":["Button","基础渲染"],"fullName":"Button 基础渲染 应该正确渲染不同类型的按钮","status":"passed","title":"应该正确渲染不同类型的按钮","duration":17.6259,"failureMessages":[],"location":{"line":40,"column":5},"meta":{}},{"ancestorTitles":["Button","基础渲染"],"fullName":"Button 基础渲染 应该正确渲染不同大小的按钮","status":"passed","title":"应该正确渲染不同大小的按钮","duration":9.668499999999767,"failureMessages":[],"location":{"line":49,"column":5},"meta":{}},{"ancestorTitles":["Button","基础渲染"],"fullName":"Button 基础渲染 应该正确渲染不同形状的按钮","status":"passed","title":"应该正确渲染不同形状的按钮","duration":5.95049999999992,"failureMessages":[],"location":{"line":58,"column":5},"meta":{}},{"ancestorTitles":["Button","状态测试"],"fullName":"Button 状态测试 应该正确处理禁用状态","status":"passed","title":"应该正确处理禁用状态","duration":1.896900000000187,"failureMessages":[],"location":{"line":70,"column":5},"meta":{}},{"ancestorTitles":["Button","状态测试"],"fullName":"Button 状态测试 应该正确处理加载状态","status":"passed","title":"应该正确处理加载状态","duration":2.5947000000001026,"failureMessages":[],"location":{"line":77,"column":5},"meta":{}},{"ancestorTitles":["Button","状态测试"],"fullName":"Button 状态测试 应该正确处理块级状态","status":"passed","title":"应该正确处理块级状态","duration":1.8175000000001091,"failureMessages":[],"location":{"line":85,"column":5},"meta":{}},{"ancestorTitles":["Button","状态测试"],"fullName":"Button 状态测试 应该正确处理幽灵状态","status":"passed","title":"应该正确处理幽灵状态","duration":2.5878999999999905,"failureMessages":[],"location":{"line":91,"column":5},"meta":{}},{"ancestorTitles":["Button","变体测试"],"fullName":"Button 变体测试 应该正确渲染轮廓变体","status":"passed","title":"应该正确渲染轮廓变体","duration":1.738800000000083,"failureMessages":[],"location":{"line":100,"column":5},"meta":{}},{"ancestorTitles":["Button","变体测试"],"fullName":"Button 变体测试 应该正确渲染文本变体","status":"passed","title":"应该正确渲染文本变体","duration":1.7416999999995824,"failureMessages":[],"location":{"line":106,"column":5},"meta":{}},{"ancestorTitles":["Button","图标测试"],"fullName":"Button 图标测试 应该正确渲染左侧图标","status":"passed","title":"应该正确渲染左侧图标","duration":1.711999999999989,"failureMessages":[],"location":{"line":115,"column":5},"meta":{}},{"ancestorTitles":["Button","图标测试"],"fullName":"Button 图标测试 应该正确渲染右侧图标","status":"passed","title":"应该正确渲染右侧图标","duration":1.4140000000002146,"failureMessages":[],"location":{"line":126,"column":5},"meta":{}},{"ancestorTitles":["Button","事件测试"],"fullName":"Button 事件测试 应该正确触发点击事件","status":"passed","title":"应该正确触发点击事件","duration":5.399000000000342,"failureMessages":[],"location":{"line":140,"column":5},"meta":{}},{"ancestorTitles":["Button","事件测试"],"fullName":"Button 事件测试 禁用状态下不应该触发点击事件","status":"passed","title":"禁用状态下不应该触发点击事件","duration":2.895100000000184,"failureMessages":[],"location":{"line":152,"column":5},"meta":{}},{"ancestorTitles":["Button","事件测试"],"fullName":"Button 事件测试 加载状态下不应该触发点击事件","status":"passed","title":"加载状态下不应该触发点击事件","duration":2.871399999999994,"failureMessages":[],"location":{"line":166,"column":5},"meta":{}},{"ancestorTitles":["Button","事件测试"],"fullName":"Button 事件测试 应该正确触发焦点事件","status":"passed","title":"应该正确触发焦点事件","duration":3.514599999999973,"failureMessages":[],"location":{"line":180,"column":5},"meta":{}},{"ancestorTitles":["Button","事件测试"],"fullName":"Button 事件测试 应该正确触发失焦事件","status":"passed","title":"应该正确触发失焦事件","duration":7.183700000000044,"failureMessages":[],"location":{"line":191,"column":5},"meta":{}},{"ancestorTitles":["Button","事件测试"],"fullName":"Button 事件测试 应该正确触发鼠标事件","status":"passed","title":"应该正确触发鼠标事件","duration":3.6091999999998734,"failureMessages":[],"location":{"line":202,"column":5},"meta":{}},{"ancestorTitles":["Button","标签和属性测试"],"fullName":"Button 标签和属性测试 应该支持自定义标签","status":"failed","title":"应该支持自定义标签","duration":8.609300000000076,"failureMessages":["AssertionError: expected 'button' to be 'a' // Object.is equality\n    at D:\\WorkBench\\ldesign\\packages\\component\\src\\components\\button\\Button.test.ts:232:53\n    at file:///D:/WorkBench/ldesign/node_modules/.pnpm/@vitest+runner@3.2.4/node_modules/@vitest/runner/dist/chunk-hooks.js:155:11\n    at file:///D:/WorkBench/ldesign/node_modules/.pnpm/@vitest+runner@3.2.4/node_modules/@vitest/runner/dist/chunk-hooks.js:752:26\n    at file:///D:/WorkBench/ldesign/node_modules/.pnpm/@vitest+runner@3.2.4/node_modules/@vitest/runner/dist/chunk-hooks.js:1897:20\n    at new Promise (<anonymous>)\n    at runWithTimeout (file:///D:/WorkBench/ldesign/node_modules/.pnpm/@vitest+runner@3.2.4/node_modules/@vitest/runner/dist/chunk-hooks.js:1863:10)\n    at runTest (file:///D:/WorkBench/ldesign/node_modules/.pnpm/@vitest+runner@3.2.4/node_modules/@vitest/runner/dist/chunk-hooks.js:1574:12)\n    at runSuite (file:///D:/WorkBench/ldesign/node_modules/.pnpm/@vitest+runner@3.2.4/node_modules/@vitest/runner/dist/chunk-hooks.js:1729:8)\n    at runSuite (file:///D:/WorkBench/ldesign/node_modules/.pnpm/@vitest+runner@3.2.4/node_modules/@vitest/runner/dist/chunk-hooks.js:1729:8)\n    at runSuite (file:///D:/WorkBench/ldesign/node_modules/.pnpm/@vitest+runner@3.2.4/node_modules/@vitest/runner/dist/chunk-hooks.js:1729:8)"],"location":{"line":223,"column":5},"meta":{}},{"ancestorTitles":["Button","标签和属性测试"],"fullName":"Button 标签和属性测试 应该支持原生 type 属性","status":"passed","title":"应该支持原生 type 属性","duration":3.2312999999999192,"failureMessages":[],"location":{"line":236,"column":5},"meta":{}},{"ancestorTitles":["Button","标签和属性测试"],"fullName":"Button 标签和属性测试 应该支持自定义类名","status":"passed","title":"应该支持自定义类名","duration":1.8072000000001935,"failureMessages":[],"location":{"line":245,"column":5},"meta":{}},{"ancestorTitles":["Button","标签和属性测试"],"fullName":"Button 标签和属性测试 应该支持自定义样式","status":"passed","title":"应该支持自定义样式","duration":6.561000000000149,"failureMessages":[],"location":{"line":254,"column":5},"meta":{}},{"ancestorTitles":["Button","实例方法测试"],"fullName":"Button 实例方法测试 应该暴露 focus 方法","status":"passed","title":"应该暴露 focus 方法","duration":1.6010999999998603,"failureMessages":[],"location":{"line":266,"column":5},"meta":{}},{"ancestorTitles":["Button","实例方法测试"],"fullName":"Button 实例方法测试 应该暴露 blur 方法","status":"passed","title":"应该暴露 blur 方法","duration":1.1994999999997162,"failureMessages":[],"location":{"line":274,"column":5},"meta":{}}],"startTime":1757942544994,"endTime":1757942545129.1995,"status":"failed","message":"","name":"D:/WorkBench/ldesign/packages/component/src/components/button/Button.test.ts"},{"assertionResults":[{"ancestorTitles":["Radio","Rendering"],"fullName":"Radio Rendering should render correctly","status":"failed","title":"should render correctly","duration":31.416999999999916,"failureMessages":["AssertionError: expected [ 'ld-radio__original' ] to include 'ld-radio'\n    at Proxy.<anonymous> (file:///D:/WorkBench/ldesign/node_modules/.pnpm/@vitest+expect@3.2.4/node_modules/@vitest/expect/dist/index.js:1191:15)\n    at Proxy.<anonymous> (file:///D:/WorkBench/ldesign/node_modules/.pnpm/@vitest+expect@3.2.4/node_modules/@vitest/expect/dist/index.js:1029:14)\n    at Proxy.methodWrapper (file:///D:/WorkBench/ldesign/node_modules/.pnpm/chai@5.3.3/node_modules/chai/index.js:1686:25)\n    at D:\\WorkBench\\ldesign\\packages\\component\\src\\components\\radio\\Radio.test.ts:13:33\n    at file:///D:/WorkBench/ldesign/node_modules/.pnpm/@vitest+runner@3.2.4/node_modules/@vitest/runner/dist/chunk-hooks.js:155:11\n    at file:///D:/WorkBench/ldesign/node_modules/.pnpm/@vitest+runner@3.2.4/node_modules/@vitest/runner/dist/chunk-hooks.js:752:26\n    at file:///D:/WorkBench/ldesign/node_modules/.pnpm/@vitest+runner@3.2.4/node_modules/@vitest/runner/dist/chunk-hooks.js:1897:20\n    at new Promise (<anonymous>)\n    at runWithTimeout (file:///D:/WorkBench/ldesign/node_modules/.pnpm/@vitest+runner@3.2.4/node_modules/@vitest/runner/dist/chunk-hooks.js:1863:10)\n    at runTest (file:///D:/WorkBench/ldesign/node_modules/.pnpm/@vitest+runner@3.2.4/node_modules/@vitest/runner/dist/chunk-hooks.js:1574:12)"],"location":{"line":11,"column":5},"meta":{}},{"ancestorTitles":["Radio","Rendering"],"fullName":"Radio Rendering should render with custom class","status":"failed","title":"should render with custom class","duration":3.4379000000003543,"failureMessages":["AssertionError: expected [ 'ld-radio__original' ] to include 'custom-class'\n    at Proxy.<anonymous> (file:///D:/WorkBench/ldesign/node_modules/.pnpm/@vitest+expect@3.2.4/node_modules/@vitest/expect/dist/index.js:1191:15)\n    at Proxy.<anonymous> (file:///D:/WorkBench/ldesign/node_modules/.pnpm/@vitest+expect@3.2.4/node_modules/@vitest/expect/dist/index.js:1029:14)\n    at Proxy.methodWrapper (file:///D:/WorkBench/ldesign/node_modules/.pnpm/chai@5.3.3/node_modules/chai/index.js:1686:25)\n    at D:\\WorkBench\\ldesign\\packages\\component\\src\\components\\radio\\Radio.test.ts:22:33\n    at file:///D:/WorkBench/ldesign/node_modules/.pnpm/@vitest+runner@3.2.4/node_modules/@vitest/runner/dist/chunk-hooks.js:155:11\n    at file:///D:/WorkBench/ldesign/node_modules/.pnpm/@vitest+runner@3.2.4/node_modules/@vitest/runner/dist/chunk-hooks.js:752:26\n    at file:///D:/WorkBench/ldesign/node_modules/.pnpm/@vitest+runner@3.2.4/node_modules/@vitest/runner/dist/chunk-hooks.js:1897:20\n    at new Promise (<anonymous>)\n    at runWithTimeout (file:///D:/WorkBench/ldesign/node_modules/.pnpm/@vitest+runner@3.2.4/node_modules/@vitest/runner/dist/chunk-hooks.js:1863:10)\n    at runTest (file:///D:/WorkBench/ldesign/node_modules/.pnpm/@vitest+runner@3.2.4/node_modules/@vitest/runner/dist/chunk-hooks.js:1574:12)"],"location":{"line":16,"column":5},"meta":{}},{"ancestorTitles":["Radio","Props"],"fullName":"Radio Props should handle size prop correctly","status":"failed","title":"should handle size prop correctly","duration":2.896900000000187,"failureMessages":["AssertionError: expected [ 'ld-radio__original' ] to include 'ld-radio--large'\n    at Proxy.<anonymous> (file:///D:/WorkBench/ldesign/node_modules/.pnpm/@vitest+expect@3.2.4/node_modules/@vitest/expect/dist/index.js:1191:15)\n    at Proxy.<anonymous> (file:///D:/WorkBench/ldesign/node_modules/.pnpm/@vitest+expect@3.2.4/node_modules/@vitest/expect/dist/index.js:1029:14)\n    at Proxy.methodWrapper (file:///D:/WorkBench/ldesign/node_modules/.pnpm/chai@5.3.3/node_modules/chai/index.js:1686:25)\n    at D:\\WorkBench\\ldesign\\packages\\component\\src\\components\\radio\\Radio.test.ts:33:33\n    at file:///D:/WorkBench/ldesign/node_modules/.pnpm/@vitest+runner@3.2.4/node_modules/@vitest/runner/dist/chunk-hooks.js:155:11\n    at file:///D:/WorkBench/ldesign/node_modules/.pnpm/@vitest+runner@3.2.4/node_modules/@vitest/runner/dist/chunk-hooks.js:752:26\n    at file:///D:/WorkBench/ldesign/node_modules/.pnpm/@vitest+runner@3.2.4/node_modules/@vitest/runner/dist/chunk-hooks.js:1897:20\n    at new Promise (<anonymous>)\n    at runWithTimeout (file:///D:/WorkBench/ldesign/node_modules/.pnpm/@vitest+runner@3.2.4/node_modules/@vitest/runner/dist/chunk-hooks.js:1863:10)\n    at runTest (file:///D:/WorkBench/ldesign/node_modules/.pnpm/@vitest+runner@3.2.4/node_modules/@vitest/runner/dist/chunk-hooks.js:1574:12)"],"location":{"line":27,"column":5},"meta":{}},{"ancestorTitles":["Radio","Props"],"fullName":"Radio Props should handle disabled prop correctly","status":"failed","title":"should handle disabled prop correctly","duration":2.688799999999901,"failureMessages":["AssertionError: expected [ 'ld-radio__original' ] to include 'ld-radio--disabled'\n    at Proxy.<anonymous> (file:///D:/WorkBench/ldesign/node_modules/.pnpm/@vitest+expect@3.2.4/node_modules/@vitest/expect/dist/index.js:1191:15)\n    at Proxy.<anonymous> (file:///D:/WorkBench/ldesign/node_modules/.pnpm/@vitest+expect@3.2.4/node_modules/@vitest/expect/dist/index.js:1029:14)\n    at Proxy.methodWrapper (file:///D:/WorkBench/ldesign/node_modules/.pnpm/chai@5.3.3/node_modules/chai/index.js:1686:25)\n    at D:\\WorkBench\\ldesign\\packages\\component\\src\\components\\radio\\Radio.test.ts:42:33\n    at file:///D:/WorkBench/ldesign/node_modules/.pnpm/@vitest+runner@3.2.4/node_modules/@vitest/runner/dist/chunk-hooks.js:155:11\n    at file:///D:/WorkBench/ldesign/node_modules/.pnpm/@vitest+runner@3.2.4/node_modules/@vitest/runner/dist/chunk-hooks.js:752:26\n    at file:///D:/WorkBench/ldesign/node_modules/.pnpm/@vitest+runner@3.2.4/node_modules/@vitest/runner/dist/chunk-hooks.js:1897:20\n    at new Promise (<anonymous>)\n    at runWithTimeout (file:///D:/WorkBench/ldesign/node_modules/.pnpm/@vitest+runner@3.2.4/node_modules/@vitest/runner/dist/chunk-hooks.js:1863:10)\n    at runTest (file:///D:/WorkBench/ldesign/node_modules/.pnpm/@vitest+runner@3.2.4/node_modules/@vitest/runner/dist/chunk-hooks.js:1574:12)"],"location":{"line":36,"column":5},"meta":{}}],"startTime":1757942545112,"endTime":1757942545152.6887,"status":"failed","message":"","name":"D:/WorkBench/ldesign/packages/component/src/components/radio/Radio.test.ts"},{"assertionResults":[{"ancestorTitles":["Switch","Rendering"],"fullName":"Switch Rendering should render correctly","status":"passed","title":"should render correctly","duration":17.87169999999969,"failureMessages":[],"location":{"line":11,"column":5},"meta":{}},{"ancestorTitles":["Switch","Rendering"],"fullName":"Switch Rendering should render with custom class","status":"passed","title":"should render with custom class","duration":3.399800000000141,"failureMessages":[],"location":{"line":16,"column":5},"meta":{}},{"ancestorTitles":["Switch","Props"],"fullName":"Switch Props should handle size prop correctly","status":"passed","title":"should handle size prop correctly","duration":1.8290999999999258,"failureMessages":[],"location":{"line":27,"column":5},"meta":{}},{"ancestorTitles":["Switch","Props"],"fullName":"Switch Props should handle disabled prop correctly","status":"passed","title":"should handle disabled prop correctly","duration":1.9033999999996922,"failureMessages":[],"location":{"line":36,"column":5},"meta":{}}],"startTime":1757942544993,"endTime":1757942545018.9033,"status":"passed","message":"","name":"D:/WorkBench/ldesign/packages/component/src/components/switch/Switch.test.ts"},{"assertionResults":[{"ancestorTitles":["Select","Rendering"],"fullName":"Select Rendering should render correctly","status":"passed","title":"should render correctly","duration":33.12090000000035,"failureMessages":[],"location":{"line":11,"column":5},"meta":{}},{"ancestorTitles":["Select","Rendering"],"fullName":"Select Rendering should render with custom class","status":"passed","title":"should render with custom class","duration":4.763799999999719,"failureMessages":[],"location":{"line":16,"column":5},"meta":{}},{"ancestorTitles":["Select","Props"],"fullName":"Select Props should handle size prop correctly","status":"passed","title":"should handle size prop correctly","duration":4.157500000000255,"failureMessages":[],"location":{"line":27,"column":5},"meta":{}},{"ancestorTitles":["Select","Props"],"fullName":"Select Props should handle disabled prop correctly","status":"passed","title":"should handle disabled prop correctly","duration":4.707100000000082,"failureMessages":[],"location":{"line":36,"column":5},"meta":{}}],"startTime":1757942544991,"endTime":1757942545037.707,"status":"passed","message":"","name":"D:/WorkBench/ldesign/packages/component/src/components/select/Select.test.ts"},{"assertionResults":[{"ancestorTitles":["Tag","Rendering"],"fullName":"Tag Rendering should render correctly","status":"passed","title":"should render correctly","duration":21.54989999999998,"failureMessages":[],"location":{"line":11,"column":5},"meta":{}},{"ancestorTitles":["Tag","Rendering"],"fullName":"Tag Rendering should render with custom class","status":"passed","title":"should render with custom class","duration":2.8481000000001586,"failureMessages":[],"location":{"line":16,"column":5},"meta":{}},{"ancestorTitles":["Tag","Props"],"fullName":"Tag Props should handle size prop correctly","status":"passed","title":"should handle size prop correctly","duration":2.2390999999997803,"failureMessages":[],"location":{"line":27,"column":5},"meta":{}},{"ancestorTitles":["Tag","Props"],"fullName":"Tag Props should handle disabled prop correctly","status":"passed","title":"should handle disabled prop correctly","duration":2.2092999999999847,"failureMessages":[],"location":{"line":36,"column":5},"meta":{}}],"startTime":1757942545048,"endTime":1757942545077.2092,"status":"passed","message":"","name":"D:/WorkBench/ldesign/packages/component/src/components/tag/Tag.test.ts"},{"assertionResults":[{"ancestorTitles":["Progress","Rendering"],"fullName":"Progress Rendering should render correctly","status":"passed","title":"should render correctly","duration":21.441299999999956,"failureMessages":[],"location":{"line":11,"column":5},"meta":{}},{"ancestorTitles":["Progress","Rendering"],"fullName":"Progress Rendering should render with custom class","status":"passed","title":"should render with custom class","duration":1.6859000000004016,"failureMessages":[],"location":{"line":16,"column":5},"meta":{}},{"ancestorTitles":["Progress","Props"],"fullName":"Progress Props should handle size prop correctly","status":"passed","title":"should handle size prop correctly","duration":1.6648000000000138,"failureMessages":[],"location":{"line":27,"column":5},"meta":{}},{"ancestorTitles":["Progress","Props"],"fullName":"Progress Props should handle disabled prop correctly","status":"passed","title":"should handle disabled prop correctly","duration":1.3794000000002598,"failureMessages":[],"location":{"line":36,"column":5},"meta":{}}],"startTime":1757942545109,"endTime":1757942545135.3794,"status":"passed","message":"","name":"D:/WorkBench/ldesign/packages/component/src/components/progress/Progress.test.ts"},{"assertionResults":[{"ancestorTitles":["Checkbox","Rendering"],"fullName":"Checkbox Rendering should render correctly","status":"failed","title":"should render correctly","duration":30.069500000000062,"failureMessages":["AssertionError: expected [ 'ld-checkbox__original' ] to include 'ld-checkbox'\n    at Proxy.<anonymous> (file:///D:/WorkBench/ldesign/node_modules/.pnpm/@vitest+expect@3.2.4/node_modules/@vitest/expect/dist/index.js:1191:15)\n    at Proxy.<anonymous> (file:///D:/WorkBench/ldesign/node_modules/.pnpm/@vitest+expect@3.2.4/node_modules/@vitest/expect/dist/index.js:1029:14)\n    at Proxy.methodWrapper (file:///D:/WorkBench/ldesign/node_modules/.pnpm/chai@5.3.3/node_modules/chai/index.js:1686:25)\n    at D:\\WorkBench\\ldesign\\packages\\component\\src\\components\\checkbox\\Checkbox.test.ts:13:33\n    at file:///D:/WorkBench/ldesign/node_modules/.pnpm/@vitest+runner@3.2.4/node_modules/@vitest/runner/dist/chunk-hooks.js:155:11\n    at file:///D:/WorkBench/ldesign/node_modules/.pnpm/@vitest+runner@3.2.4/node_modules/@vitest/runner/dist/chunk-hooks.js:752:26\n    at file:///D:/WorkBench/ldesign/node_modules/.pnpm/@vitest+runner@3.2.4/node_modules/@vitest/runner/dist/chunk-hooks.js:1897:20\n    at new Promise (<anonymous>)\n    at runWithTimeout (file:///D:/WorkBench/ldesign/node_modules/.pnpm/@vitest+runner@3.2.4/node_modules/@vitest/runner/dist/chunk-hooks.js:1863:10)\n    at runTest (file:///D:/WorkBench/ldesign/node_modules/.pnpm/@vitest+runner@3.2.4/node_modules/@vitest/runner/dist/chunk-hooks.js:1574:12)"],"location":{"line":11,"column":5},"meta":{}},{"ancestorTitles":["Checkbox","Rendering"],"fullName":"Checkbox Rendering should render with custom class","status":"failed","title":"should render with custom class","duration":4.885400000000118,"failureMessages":["AssertionError: expected [ 'ld-checkbox__original' ] to include 'custom-class'\n    at Proxy.<anonymous> (file:///D:/WorkBench/ldesign/node_modules/.pnpm/@vitest+expect@3.2.4/node_modules/@vitest/expect/dist/index.js:1191:15)\n    at Proxy.<anonymous> (file:///D:/WorkBench/ldesign/node_modules/.pnpm/@vitest+expect@3.2.4/node_modules/@vitest/expect/dist/index.js:1029:14)\n    at Proxy.methodWrapper (file:///D:/WorkBench/ldesign/node_modules/.pnpm/chai@5.3.3/node_modules/chai/index.js:1686:25)\n    at D:\\WorkBench\\ldesign\\packages\\component\\src\\components\\checkbox\\Checkbox.test.ts:22:33\n    at file:///D:/WorkBench/ldesign/node_modules/.pnpm/@vitest+runner@3.2.4/node_modules/@vitest/runner/dist/chunk-hooks.js:155:11\n    at file:///D:/WorkBench/ldesign/node_modules/.pnpm/@vitest+runner@3.2.4/node_modules/@vitest/runner/dist/chunk-hooks.js:752:26\n    at file:///D:/WorkBench/ldesign/node_modules/.pnpm/@vitest+runner@3.2.4/node_modules/@vitest/runner/dist/chunk-hooks.js:1897:20\n    at new Promise (<anonymous>)\n    at runWithTimeout (file:///D:/WorkBench/ldesign/node_modules/.pnpm/@vitest+runner@3.2.4/node_modules/@vitest/runner/dist/chunk-hooks.js:1863:10)\n    at runTest (file:///D:/WorkBench/ldesign/node_modules/.pnpm/@vitest+runner@3.2.4/node_modules/@vitest/runner/dist/chunk-hooks.js:1574:12)"],"location":{"line":16,"column":5},"meta":{}},{"ancestorTitles":["Checkbox","Props"],"fullName":"Checkbox Props should handle size prop correctly","status":"failed","title":"should handle size prop correctly","duration":3.2359999999998763,"failureMessages":["AssertionError: expected [ 'ld-checkbox__original' ] to include 'ld-checkbox--large'\n    at Proxy.<anonymous> (file:///D:/WorkBench/ldesign/node_modules/.pnpm/@vitest+expect@3.2.4/node_modules/@vitest/expect/dist/index.js:1191:15)\n    at Proxy.<anonymous> (file:///D:/WorkBench/ldesign/node_modules/.pnpm/@vitest+expect@3.2.4/node_modules/@vitest/expect/dist/index.js:1029:14)\n    at Proxy.methodWrapper (file:///D:/WorkBench/ldesign/node_modules/.pnpm/chai@5.3.3/node_modules/chai/index.js:1686:25)\n    at D:\\WorkBench\\ldesign\\packages\\component\\src\\components\\checkbox\\Checkbox.test.ts:33:33\n    at file:///D:/WorkBench/ldesign/node_modules/.pnpm/@vitest+runner@3.2.4/node_modules/@vitest/runner/dist/chunk-hooks.js:155:11\n    at file:///D:/WorkBench/ldesign/node_modules/.pnpm/@vitest+runner@3.2.4/node_modules/@vitest/runner/dist/chunk-hooks.js:752:26\n    at file:///D:/WorkBench/ldesign/node_modules/.pnpm/@vitest+runner@3.2.4/node_modules/@vitest/runner/dist/chunk-hooks.js:1897:20\n    at new Promise (<anonymous>)\n    at runWithTimeout (file:///D:/WorkBench/ldesign/node_modules/.pnpm/@vitest+runner@3.2.4/node_modules/@vitest/runner/dist/chunk-hooks.js:1863:10)\n    at runTest (file:///D:/WorkBench/ldesign/node_modules/.pnpm/@vitest+runner@3.2.4/node_modules/@vitest/runner/dist/chunk-hooks.js:1574:12)"],"location":{"line":27,"column":5},"meta":{}},{"ancestorTitles":["Checkbox","Props"],"fullName":"Checkbox Props should handle disabled prop correctly","status":"failed","title":"should handle disabled prop correctly","duration":3.0384000000003653,"failureMessages":["AssertionError: expected [ 'ld-checkbox__original' ] to include 'ld-checkbox--disabled'\n    at Proxy.<anonymous> (file:///D:/WorkBench/ldesign/node_modules/.pnpm/@vitest+expect@3.2.4/node_modules/@vitest/expect/dist/index.js:1191:15)\n    at Proxy.<anonymous> (file:///D:/WorkBench/ldesign/node_modules/.pnpm/@vitest+expect@3.2.4/node_modules/@vitest/expect/dist/index.js:1029:14)\n    at Proxy.methodWrapper (file:///D:/WorkBench/ldesign/node_modules/.pnpm/chai@5.3.3/node_modules/chai/index.js:1686:25)\n    at D:\\WorkBench\\ldesign\\packages\\component\\src\\components\\checkbox\\Checkbox.test.ts:42:33\n    at file:///D:/WorkBench/ldesign/node_modules/.pnpm/@vitest+runner@3.2.4/node_modules/@vitest/runner/dist/chunk-hooks.js:155:11\n    at file:///D:/WorkBench/ldesign/node_modules/.pnpm/@vitest+runner@3.2.4/node_modules/@vitest/runner/dist/chunk-hooks.js:752:26\n    at file:///D:/WorkBench/ldesign/node_modules/.pnpm/@vitest+runner@3.2.4/node_modules/@vitest/runner/dist/chunk-hooks.js:1897:20\n    at new Promise (<anonymous>)\n    at runWithTimeout (file:///D:/WorkBench/ldesign/node_modules/.pnpm/@vitest+runner@3.2.4/node_modules/@vitest/runner/dist/chunk-hooks.js:1863:10)\n    at runTest (file:///D:/WorkBench/ldesign/node_modules/.pnpm/@vitest+runner@3.2.4/node_modules/@vitest/runner/dist/chunk-hooks.js:1574:12)"],"location":{"line":36,"column":5},"meta":{}}],"startTime":1757942544991,"endTime":1757942545033.0383,"status":"failed","message":"","name":"D:/WorkBench/ldesign/packages/component/src/components/checkbox/Checkbox.test.ts"}]}