{"numTotalTestSuites":2,"numPassedTestSuites":2,"numFailedTestSuites":0,"numPendingTestSuites":0,"numTotalTests":14,"numPassedTests":14,"numFailedTests":0,"numPendingTests":0,"numTodoTests":0,"snapshot":{"added":0,"failure":false,"filesAdded":0,"filesRemoved":0,"filesRemovedList":[],"filesUnmatched":0,"filesUpdated":0,"matched":0,"total":0,"unchecked":0,"uncheckedKeysByFile":[],"unmatched":0,"updated":0,"didUpdate":false},"startTime":1757495468993,"success":true,"testResults":[{"assertionResults":[{"ancestorTitles":["Input"],"fullName":"Input 应该正确渲染","status":"passed","title":"应该正确渲染","duration":13.908199999999852,"failureMessages":[],"location":{"line":22,"column":3},"meta":{}},{"ancestorTitles":["Input"],"fullName":"Input 应该支持不同尺寸","status":"passed","title":"应该支持不同尺寸","duration":2.3599999999999,"failureMessages":[],"location":{"line":31,"column":3},"meta":{}},{"ancestorTitles":["Input"],"fullName":"Input 应该支持不同状态","status":"passed","title":"应该支持不同状态","duration":1.6251999999999498,"failureMessages":[],"location":{"line":39,"column":3},"meta":{}},{"ancestorTitles":["Input"],"fullName":"Input 应该支持禁用状态","status":"passed","title":"应该支持禁用状态","duration":1.6041999999999916,"failureMessages":[],"location":{"line":47,"column":3},"meta":{}},{"ancestorTitles":["Input"],"fullName":"Input 应该支持只读状态","status":"passed","title":"应该支持只读状态","duration":1.6739000000000033,"failureMessages":[],"location":{"line":56,"column":3},"meta":{}},{"ancestorTitles":["Input"],"fullName":"Input 应该支持清空功能","status":"passed","title":"应该支持清空功能","duration":2.92229999999995,"failureMessages":[],"location":{"line":65,"column":3},"meta":{}},{"ancestorTitles":["Input"],"fullName":"Input 应该支持密码切换","status":"passed","title":"应该支持密码切换","duration":1.703899999999976,"failureMessages":[],"location":{"line":78,"column":3},"meta":{}},{"ancestorTitles":["Input"],"fullName":"Input 应该支持前缀和后缀图标","status":"passed","title":"应该支持前缀和后缀图标","duration":1.5108000000000175,"failureMessages":[],"location":{"line":88,"column":3},"meta":{}},{"ancestorTitles":["Input"],"fullName":"Input 应该支持前置和后置内容","status":"passed","title":"应该支持前置和后置内容","duration":2.6519000000000688,"failureMessages":[],"location":{"line":98,"column":3},"meta":{}},{"ancestorTitles":["Input"],"fullName":"Input 应该支持字数统计","status":"passed","title":"应该支持字数统计","duration":1.5537999999999101,"failureMessages":[],"location":{"line":110,"column":3},"meta":{}},{"ancestorTitles":["Input"],"fullName":"Input 应该触发输入事件","status":"passed","title":"应该触发输入事件","duration":1.5923999999999978,"failureMessages":[],"location":{"line":121,"column":3},"meta":{}},{"ancestorTitles":["Input"],"fullName":"Input 应该触发焦点事件","status":"passed","title":"应该触发焦点事件","duration":1.255100000000084,"failureMessages":[],"location":{"line":128,"column":3},"meta":{}},{"ancestorTitles":["Input"],"fullName":"Input 应该触发回车事件","status":"passed","title":"应该触发回车事件","duration":0.9595000000001619,"failureMessages":[],"location":{"line":138,"column":3},"meta":{}},{"ancestorTitles":["Input"],"fullName":"Input 应该暴露实例方法","status":"passed","title":"应该暴露实例方法","duration":0.7675999999999021,"failureMessages":[],"location":{"line":145,"column":3},"meta":{}}],"startTime":1757495469972,"endTime":1757495470008.7676,"status":"passed","message":"","name":"D:/WorkBench/ldesign/packages/component/src/components/input/Input.test.ts"}]}