{"numTotalTestSuites":13,"numPassedTestSuites":13,"numFailedTestSuites":0,"numPendingTestSuites":0,"numTotalTests":16,"numPassedTests":16,"numFailedTests":0,"numPendingTests":0,"numTodoTests":0,"snapshot":{"added":0,"failure":false,"filesAdded":0,"filesRemoved":0,"filesRemovedList":[],"filesUnmatched":0,"filesUpdated":0,"matched":0,"total":0,"unchecked":0,"uncheckedKeysByFile":[],"unmatched":0,"updated":0,"didUpdate":false},"startTime":1759722160451,"success":true,"testResults":[{"assertionResults":[{"ancestorTitles":["MemoryEngine 淘汰策略集成","容量限制"],"fullName":"MemoryEngine 淘汰策略集成 容量限制 应该在达到最大项数时自动淘汰","status":"passed","title":"应该在达到最大项数时自动淘汰","duration":1.2170999999998457,"failureMessages":[],"meta":{}},{"ancestorTitles":["MemoryEngine 淘汰策略集成","容量限制"],"fullName":"MemoryEngine 淘汰策略集成 容量限制 应该基于内存限制自动淘汰","status":"passed","title":"应该基于内存限制自动淘汰","duration":0.31559999999990396,"failureMessages":[],"meta":{}},{"ancestorTitles":["MemoryEngine 淘汰策略集成","LRU 淘汰策略"],"fullName":"MemoryEngine 淘汰策略集成 LRU 淘汰策略 应该淘汰最近最少使用的项","status":"passed","title":"应该淘汰最近最少使用的项","duration":0.36619999999993524,"failureMessages":[],"meta":{}},{"ancestorTitles":["MemoryEngine 淘汰策略集成","LRU 淘汰策略"],"fullName":"MemoryEngine 淘汰策略集成 LRU 淘汰策略 应该在更新时刷新访问时间","status":"passed","title":"应该在更新时刷新访问时间","duration":0.13700000000017099,"failureMessages":[],"meta":{}},{"ancestorTitles":["MemoryEngine 淘汰策略集成","LFU 淘汰策略"],"fullName":"MemoryEngine 淘汰策略集成 LFU 淘汰策略 应该淘汰最不常用的项","status":"passed","title":"应该淘汰最不常用的项","duration":0.3038000000001375,"failureMessages":[],"meta":{}},{"ancestorTitles":["MemoryEngine 淘汰策略集成","FIFO 淘汰策略"],"fullName":"MemoryEngine 淘汰策略集成 FIFO 淘汰策略 应该按先进先出顺序淘汰","status":"passed","title":"应该按先进先出顺序淘汰","duration":0.2676000000001295,"failureMessages":[],"meta":{}},{"ancestorTitles":["MemoryEngine 淘汰策略集成","TTL 淘汰策略"],"fullName":"MemoryEngine 淘汰策略集成 TTL 淘汰策略 应该优先淘汰即将过期的项","status":"passed","title":"应该优先淘汰即将过期的项","duration":0.29109999999991487,"failureMessages":[],"meta":{}},{"ancestorTitles":["MemoryEngine 淘汰策略集成","Random 淘汰策略"],"fullName":"MemoryEngine 淘汰策略集成 Random 淘汰策略 应该随机淘汰项","status":"passed","title":"应该随机淘汰项","duration":0.7777000000000953,"failureMessages":[],"meta":{}},{"ancestorTitles":["MemoryEngine 淘汰策略集成","策略切换"],"fullName":"MemoryEngine 淘汰策略集成 策略切换 应该支持运行时切换淘汰策略","status":"passed","title":"应该支持运行时切换淘汰策略","duration":0.24839999999994689,"failureMessages":[],"meta":{}},{"ancestorTitles":["MemoryEngine 淘汰策略集成","淘汰统计"],"fullName":"MemoryEngine 淘汰策略集成 淘汰统计 应该提供淘汰统计信息","status":"passed","title":"应该提供淘汰统计信息","duration":0.184800000000223,"failureMessages":[],"meta":{}},{"ancestorTitles":["MemoryEngine 淘汰策略集成","批量淘汰"],"fullName":"MemoryEngine 淘汰策略集成 批量淘汰 应该能批量淘汰以腾出空间","status":"passed","title":"应该能批量淘汰以腾出空间","duration":0.171100000000024,"failureMessages":[],"meta":{}},{"ancestorTitles":["MemoryEngine 淘汰策略集成","与 CacheManager 集成"],"fullName":"MemoryEngine 淘汰策略集成 与 CacheManager 集成 应该在 CacheManager 中正常工作","status":"passed","title":"应该在 CacheManager 中正常工作","duration":8.262699999999995,"failureMessages":[],"meta":{}},{"ancestorTitles":["MemoryEngine 淘汰策略集成","与 CacheManager 集成"],"fullName":"MemoryEngine 淘汰策略集成 与 CacheManager 集成 应该支持不同引擎的不同策略","status":"passed","title":"应该支持不同引擎的不同策略","duration":1.0460000000000491,"failureMessages":[],"meta":{}},{"ancestorTitles":["MemoryEngine 淘汰策略集成","边界情况"],"fullName":"MemoryEngine 淘汰策略集成 边界情况 应该处理空缓存","status":"passed","title":"应该处理空缓存","duration":0.12349999999992178,"failureMessages":[],"meta":{}},{"ancestorTitles":["MemoryEngine 淘汰策略集成","边界情况"],"fullName":"MemoryEngine 淘汰策略集成 边界情况 应该处理单个项的缓存","status":"passed","title":"应该处理单个项的缓存","duration":0.11079999999992651,"failureMessages":[],"meta":{}},{"ancestorTitles":["MemoryEngine 淘汰策略集成","边界情况"],"fullName":"MemoryEngine 淘汰策略集成 边界情况 应该处理没有限制的缓存","status":"passed","title":"应该处理没有限制的缓存","duration":0.24360000000001492,"failureMessages":[],"meta":{}}],"startTime":1759722162037,"endTime":1759722162051.2437,"status":"passed","message":"","name":"D:/WorkBench/ldesign/packages/cache/tests/memory-engine-eviction.test.ts"}]}