{"numTotalTestSuites":9,"numPassedTestSuites":6,"numFailedTestSuites":3,"numPendingTestSuites":0,"numTotalTests":20,"numPassedTests":19,"numFailedTests":1,"numPendingTests":0,"numTodoTests":0,"snapshot":{"added":0,"failure":false,"filesAdded":0,"filesRemoved":0,"filesRemovedList":[],"filesUnmatched":0,"filesUpdated":0,"matched":0,"total":0,"unchecked":0,"uncheckedKeysByFile":[],"unmatched":0,"updated":0,"didUpdate":false},"startTime":1758682170667,"success":false,"testResults":[{"assertionResults":[{"ancestorTitles":["PerformanceMonitor","基础功能"],"fullName":"PerformanceMonitor 基础功能 应该能够创建性能监控器","status":"passed","title":"应该能够创建性能监控器","duration":1.5054999999999836,"failureMessages":[],"meta":{}},{"ancestorTitles":["PerformanceMonitor","基础功能"],"fullName":"PerformanceMonitor 基础功能 应该能够使用自定义配置","status":"passed","title":"应该能够使用自定义配置","duration":0.3162999999999556,"failureMessages":[],"meta":{}},{"ancestorTitles":["PerformanceMonitor","基础功能"],"fullName":"PerformanceMonitor 基础功能 应该能够记录性能指标","status":"passed","title":"应该能够记录性能指标","duration":0.480199999999968,"failureMessages":[],"meta":{}},{"ancestorTitles":["PerformanceMonitor","基础功能"],"fullName":"PerformanceMonitor 基础功能 应该能够清空记录","status":"passed","title":"应该能够清空记录","duration":0.22850000000005366,"failureMessages":[],"meta":{}},{"ancestorTitles":["PerformanceMonitor","测量功能"],"fullName":"PerformanceMonitor 测量功能 应该能够开始和结束测量","status":"passed","title":"应该能够开始和结束测量","duration":0.5139000000000351,"failureMessages":[],"meta":{}},{"ancestorTitles":["PerformanceMonitor","测量功能"],"fullName":"PerformanceMonitor 测量功能 应该能够测量失败的操作","status":"passed","title":"应该能够测量失败的操作","duration":0.2336999999999989,"failureMessages":[],"meta":{}},{"ancestorTitles":["PerformanceMonitor","测量功能"],"fullName":"PerformanceMonitor 测量功能 应该能够测量异步操作","status":"passed","title":"应该能够测量异步操作","duration":0.7544000000000324,"failureMessages":[],"meta":{}},{"ancestorTitles":["PerformanceMonitor","测量功能"],"fullName":"PerformanceMonitor 测量功能 应该能够测量失败的异步操作","status":"passed","title":"应该能够测量失败的异步操作","duration":0.95799999999997,"failureMessages":[],"meta":{}},{"ancestorTitles":["PerformanceMonitor","统计功能"],"fullName":"PerformanceMonitor 统计功能 应该能够获取基本统计信息","status":"passed","title":"应该能够获取基本统计信息","duration":0.4602999999999611,"failureMessages":[],"meta":{}},{"ancestorTitles":["PerformanceMonitor","统计功能"],"fullName":"PerformanceMonitor 统计功能 应该能够按操作类型过滤统计","status":"passed","title":"应该能够按操作类型过滤统计","duration":0.26329999999995835,"failureMessages":[],"meta":{}},{"ancestorTitles":["PerformanceMonitor","统计功能"],"fullName":"PerformanceMonitor 统计功能 应该能够按引擎过滤统计","status":"passed","title":"应该能够按引擎过滤统计","duration":0.1492000000000644,"failureMessages":[],"meta":{}},{"ancestorTitles":["PerformanceMonitor","统计功能"],"fullName":"PerformanceMonitor 统计功能 应该能够按时间过滤统计","status":"passed","title":"应该能够按时间过滤统计","duration":0.12260000000003402,"failureMessages":[],"meta":{}},{"ancestorTitles":["PerformanceMonitor","配置选项"],"fullName":"PerformanceMonitor 配置选项 应该在禁用时不记录指标","status":"passed","title":"应该在禁用时不记录指标","duration":0.13040000000000873,"failureMessages":[],"meta":{}},{"ancestorTitles":["PerformanceMonitor","配置选项"],"fullName":"PerformanceMonitor 配置选项 应该限制最大记录数","status":"passed","title":"应该限制最大记录数","duration":0.1392000000000735,"failureMessages":[],"meta":{}},{"ancestorTitles":["PerformanceMonitor","配置选项"],"fullName":"PerformanceMonitor 配置选项 应该识别慢操作","status":"passed","title":"应该识别慢操作","duration":0.4817000000000462,"failureMessages":[],"meta":{}},{"ancestorTitles":["PerformanceMonitor","事件发射"],"fullName":"PerformanceMonitor 事件发射 应该发射性能指标事件","status":"passed","title":"应该发射性能指标事件","duration":0.8901999999999362,"failureMessages":[],"meta":{}},{"ancestorTitles":["PerformanceMonitor","事件发射"],"fullName":"PerformanceMonitor 事件发射 应该能够移除事件监听器","status":"passed","title":"应该能够移除事件监听器","duration":0.21010000000001128,"failureMessages":[],"meta":{}},{"ancestorTitles":["PerformanceMonitor","报告生成"],"fullName":"PerformanceMonitor 报告生成 应该能够生成性能报告","status":"passed","title":"应该能够生成性能报告","duration":0.5409000000000788,"failureMessages":[],"meta":{}},{"ancestorTitles":["PerformanceMonitor","报告生成"],"fullName":"PerformanceMonitor 报告生成 应该能够导出指标数据","status":"passed","title":"应该能够导出指标数据","duration":0.2016999999999598,"failureMessages":[],"meta":{}},{"ancestorTitles":["PerformanceMonitor","百分位数计算"],"fullName":"PerformanceMonitor 百分位数计算 应该能够计算百分位数","status":"failed","title":"应该能够计算百分位数","duration":5.219500000000039,"failureMessages":["AssertionError: expected 50 to be 55 // Object.is equality\n    at D:\\WorkBench\\ldesign\\packages\\cache\\__tests__\\core\\performance-monitor.test.ts:314:31\n    at file:///D:/WorkBench/ldesign/node_modules/.pnpm/@vitest+runner@2.1.9/node_modules/@vitest/runner/dist/index.js:146:14\n    at file:///D:/WorkBench/ldesign/node_modules/.pnpm/@vitest+runner@2.1.9/node_modules/@vitest/runner/dist/index.js:533:11\n    at runWithTimeout (file:///D:/WorkBench/ldesign/node_modules/.pnpm/@vitest+runner@2.1.9/node_modules/@vitest/runner/dist/index.js:39:7)\n    at runTest (file:///D:/WorkBench/ldesign/node_modules/.pnpm/@vitest+runner@2.1.9/node_modules/@vitest/runner/dist/index.js:1056:17)\n    at processTicksAndRejections (node:internal/process/task_queues:105:5)\n    at runSuite (file:///D:/WorkBench/ldesign/node_modules/.pnpm/@vitest+runner@2.1.9/node_modules/@vitest/runner/dist/index.js:1205:15)\n    at runSuite (file:///D:/WorkBench/ldesign/node_modules/.pnpm/@vitest+runner@2.1.9/node_modules/@vitest/runner/dist/index.js:1205:15)\n    at runSuite (file:///D:/WorkBench/ldesign/node_modules/.pnpm/@vitest+runner@2.1.9/node_modules/@vitest/runner/dist/index.js:1205:15)\n    at runFiles (file:///D:/WorkBench/ldesign/node_modules/.pnpm/@vitest+runner@2.1.9/node_modules/@vitest/runner/dist/index.js:1262:5)","AssertionError: expected 50 to be 55 // Object.is equality\n    at D:\\WorkBench\\ldesign\\packages\\cache\\__tests__\\core\\performance-monitor.test.ts:314:31\n    at file:///D:/WorkBench/ldesign/node_modules/.pnpm/@vitest+runner@2.1.9/node_modules/@vitest/runner/dist/index.js:146:14\n    at file:///D:/WorkBench/ldesign/node_modules/.pnpm/@vitest+runner@2.1.9/node_modules/@vitest/runner/dist/index.js:533:11\n    at runWithTimeout (file:///D:/WorkBench/ldesign/node_modules/.pnpm/@vitest+runner@2.1.9/node_modules/@vitest/runner/dist/index.js:39:7)\n    at runTest (file:///D:/WorkBench/ldesign/node_modules/.pnpm/@vitest+runner@2.1.9/node_modules/@vitest/runner/dist/index.js:1056:17)\n    at processTicksAndRejections (node:internal/process/task_queues:105:5)\n    at runSuite (file:///D:/WorkBench/ldesign/node_modules/.pnpm/@vitest+runner@2.1.9/node_modules/@vitest/runner/dist/index.js:1205:15)\n    at runSuite (file:///D:/WorkBench/ldesign/node_modules/.pnpm/@vitest+runner@2.1.9/node_modules/@vitest/runner/dist/index.js:1205:15)\n    at runSuite (file:///D:/WorkBench/ldesign/node_modules/.pnpm/@vitest+runner@2.1.9/node_modules/@vitest/runner/dist/index.js:1205:15)\n    at runFiles (file:///D:/WorkBench/ldesign/node_modules/.pnpm/@vitest+runner@2.1.9/node_modules/@vitest/runner/dist/index.js:1262:5)","AssertionError: expected 50 to be 55 // Object.is equality\n    at D:\\WorkBench\\ldesign\\packages\\cache\\__tests__\\core\\performance-monitor.test.ts:314:31\n    at file:///D:/WorkBench/ldesign/node_modules/.pnpm/@vitest+runner@2.1.9/node_modules/@vitest/runner/dist/index.js:146:14\n    at file:///D:/WorkBench/ldesign/node_modules/.pnpm/@vitest+runner@2.1.9/node_modules/@vitest/runner/dist/index.js:533:11\n    at runWithTimeout (file:///D:/WorkBench/ldesign/node_modules/.pnpm/@vitest+runner@2.1.9/node_modules/@vitest/runner/dist/index.js:39:7)\n    at runTest (file:///D:/WorkBench/ldesign/node_modules/.pnpm/@vitest+runner@2.1.9/node_modules/@vitest/runner/dist/index.js:1056:17)\n    at processTicksAndRejections (node:internal/process/task_queues:105:5)\n    at runSuite (file:///D:/WorkBench/ldesign/node_modules/.pnpm/@vitest+runner@2.1.9/node_modules/@vitest/runner/dist/index.js:1205:15)\n    at runSuite (file:///D:/WorkBench/ldesign/node_modules/.pnpm/@vitest+runner@2.1.9/node_modules/@vitest/runner/dist/index.js:1205:15)\n    at runSuite (file:///D:/WorkBench/ldesign/node_modules/.pnpm/@vitest+runner@2.1.9/node_modules/@vitest/runner/dist/index.js:1205:15)\n    at runFiles (file:///D:/WorkBench/ldesign/node_modules/.pnpm/@vitest+runner@2.1.9/node_modules/@vitest/runner/dist/index.js:1262:5)"],"meta":{}}],"startTime":1758682171625,"endTime":1758682171639.2195,"status":"failed","message":"","name":"D:/WorkBench/ldesign/packages/cache/__tests__/core/performance-monitor.test.ts"}]}