{"numTotalTestSuites":10,"numPassedTestSuites":10,"numFailedTestSuites":0,"numPendingTestSuites":0,"numTotalTests":25,"numPassedTests":25,"numFailedTests":0,"numPendingTests":0,"numTodoTests":0,"startTime":1757220810049,"success":true,"testResults":[{"assertionResults":[{"ancestorTitles":["","basic-typescript","createUser"],"fullName":" basic-typescript createUser 应该创建包含所有字段的用户","status":"passed","title":"应该创建包含所有字段的用户","duration":3,"failureMessages":[]},{"ancestorTitles":["","basic-typescript","createUser"],"fullName":" basic-typescript createUser 应该创建不包含年龄的用户","status":"passed","title":"应该创建不包含年龄的用户","duration":0,"failureMessages":[]},{"ancestorTitles":["","basic-typescript","createUser"],"fullName":" basic-typescript createUser 应该为每个用户生成不同的ID","status":"passed","title":"应该为每个用户生成不同的ID","duration":0,"failureMessages":[]},{"ancestorTitles":["","basic-typescript","createUser"],"fullName":" basic-typescript createUser 应该正确处理特殊字符","status":"passed","title":"应该正确处理特殊字符","duration":1,"failureMessages":[]},{"ancestorTitles":["","basic-typescript","validateEmail"],"fullName":" basic-typescript validateEmail 应该验证有效的邮箱地址","status":"passed","title":"应该验证有效的邮箱地址","duration":1,"failureMessages":[]},{"ancestorTitles":["","basic-typescript","validateEmail"],"fullName":" basic-typescript validateEmail 应该拒绝无效的邮箱地址","status":"passed","title":"应该拒绝无效的邮箱地址","duration":0,"failureMessages":[]},{"ancestorTitles":["","basic-typescript","validateEmail"],"fullName":" basic-typescript validateEmail 应该处理边界情况","status":"passed","title":"应该处理边界情况","duration":0,"failureMessages":[]},{"ancestorTitles":["","basic-typescript","formatUser"],"fullName":" basic-typescript formatUser 应该格式化包含年龄的用户","status":"passed","title":"应该格式化包含年龄的用户","duration":0,"failureMessages":[]},{"ancestorTitles":["","basic-typescript","formatUser"],"fullName":" basic-typescript formatUser 应该格式化不包含年龄的用户","status":"passed","title":"应该格式化不包含年龄的用户","duration":0,"failureMessages":[]},{"ancestorTitles":["","basic-typescript","formatUser"],"fullName":" basic-typescript formatUser 应该处理年龄为0的情况","status":"passed","title":"应该处理年龄为0的情况","duration":0,"failureMessages":[]},{"ancestorTitles":["","basic-typescript","formatUser"],"fullName":" basic-typescript formatUser 应该处理特殊字符","status":"passed","title":"应该处理特殊字符","duration":1,"failureMessages":[]},{"ancestorTitles":["","basic-typescript","DEFAULT_OPTIONS"],"fullName":" basic-typescript DEFAULT_OPTIONS 应该包含正确的默认配置","status":"passed","title":"应该包含正确的默认配置","duration":0,"failureMessages":[]},{"ancestorTitles":["","basic-typescript","DEFAULT_OPTIONS"],"fullName":" basic-typescript DEFAULT_OPTIONS 应该是只读的（不应该被修改）","status":"passed","title":"应该是只读的（不应该被修改）","duration":0,"failureMessages":[]},{"ancestorTitles":["","basic-typescript","DEFAULT_OPTIONS"],"fullName":" basic-typescript DEFAULT_OPTIONS 应该具有正确的类型","status":"passed","title":"应该具有正确的类型","duration":0,"failureMessages":[]},{"ancestorTitles":["","basic-typescript","常量"],"fullName":" basic-typescript 常量 VERSION 应该是字符串","status":"passed","title":"VERSION 应该是字符串","duration":0,"failureMessages":[]},{"ancestorTitles":["","basic-typescript","常量"],"fullName":" basic-typescript 常量 LIBRARY_NAME 应该是字符串","status":"passed","title":"LIBRARY_NAME 应该是字符串","duration":0,"failureMessages":[]},{"ancestorTitles":["","basic-typescript","类型定义"],"fullName":" basic-typescript 类型定义 User 接口应该正确工作","status":"passed","title":"User 接口应该正确工作","duration":0,"failureMessages":[]},{"ancestorTitles":["","basic-typescript","类型定义"],"fullName":" basic-typescript 类型定义 Options 接口应该正确工作","status":"passed","title":"Options 接口应该正确工作","duration":0,"failureMessages":[]},{"ancestorTitles":["","basic-typescript","类型定义"],"fullName":" basic-typescript 类型定义 Options 接口的所有字段都应该是可选的","status":"passed","title":"Options 接口的所有字段都应该是可选的","duration":1,"failureMessages":[]},{"ancestorTitles":["","basic-typescript","集成测试"],"fullName":" basic-typescript 集成测试 应该能够创建用户并格式化输出","status":"passed","title":"应该能够创建用户并格式化输出","duration":0,"failureMessages":[]},{"ancestorTitles":["","basic-typescript","集成测试"],"fullName":" basic-typescript 集成测试 应该能够验证创建用户时的邮箱","status":"passed","title":"应该能够验证创建用户时的邮箱","duration":0,"failureMessages":[]},{"ancestorTitles":["","basic-typescript","集成测试"],"fullName":" basic-typescript 集成测试 应该能够使用默认配置创建完整的用户管理流程","status":"passed","title":"应该能够使用默认配置创建完整的用户管理流程","duration":0,"failureMessages":[]},{"ancestorTitles":["","basic-typescript","错误处理和边界情况"],"fullName":" basic-typescript 错误处理和边界情况 应该处理空字符串","status":"passed","title":"应该处理空字符串","duration":0,"failureMessages":[]},{"ancestorTitles":["","basic-typescript","错误处理和边界情况"],"fullName":" basic-typescript 错误处理和边界情况 应该处理负数年龄","status":"passed","title":"应该处理负数年龄","duration":0,"failureMessages":[]},{"ancestorTitles":["","basic-typescript","错误处理和边界情况"],"fullName":" basic-typescript 错误处理和边界情况 应该处理非常大的年龄","status":"passed","title":"应该处理非常大的年龄","duration":0,"failureMessages":[]}],"startTime":1757220810488,"endTime":1757220810496,"status":"passed","message":"","name":"D:/WorkBench/ldesign/packages/builder/examples/basic-typescript/src/index.test.ts"}]}